2024-02-21 01:53:02,865 [INFO] MainUpdater:2873 - connection check result : 10
2024-02-21 01:53:02,923 [INFO] McuFinderGlobals:76 - Set McuFinderConnectedMode to true
2024-02-21 01:53:04,256 [INFO] ServerAccessManage:473 - Download File mcusAds.json._tmp_
2024-02-21 01:53:04,382 [INFO] LoadUrlFilesThread:156 - End of LoadUrlFiles Thread
2024-02-21 01:53:07,251 [INFO] ServerAccessManage:473 - Download File cube-finder-db.zip
2024-02-21 01:53:14,239 [INFO] FileExtend:240 - Unzip File : cube-finder-db.zip
2024-02-21 01:53:14,242 [INFO] FileExtend:255 - Standard Zip Deflate
2024-02-21 01:53:15,834 [INFO] LoadUrlFilesThread:156 - End of LoadUrlFiles Thread
2024-02-21 01:53:17,037 [INFO] ServerAccessManage:473 - Download File crdb.zip
2024-02-21 01:53:18,110 [INFO] FileExtend:240 - Unzip File : crdb.zip
2024-02-21 01:53:18,110 [INFO] FileExtend:255 - Standard Zip Deflate
2024-02-21 01:53:18,255 [INFO] LoadUrlFilesThread:156 - End of LoadUrlFiles Thread
2024-02-21 01:53:20,849 [INFO] ServerAccessManage:473 - Download File tutoVideoDB.zip
2024-02-21 01:53:21,324 [INFO] FileExtend:240 - Unzip File : tutoVideoDB.zip
2024-02-21 01:53:21,324 [INFO] FileExtend:255 - Standard Zip Deflate
2024-02-21 01:53:21,442 [INFO] LoadUrlFilesThread:156 - End of LoadUrlFiles Thread
2024-02-21 01:53:21,444 [WARN] DbFile:41 - Overriding database path with different value: C:\Users\Siraj\.stmcufinder\plugins\mcufinder/ => C:\Users\Siraj\.stmcufinder\plugins\mcufinder
2024-02-21 01:53:21,986 [INFO] ServerAccessManage:473 - Download File api_config.json
2024-02-21 01:53:22,097 [INFO] LoadUrlFilesThread:156 - End of LoadUrlFiles Thread
2024-02-21 01:53:22,102 [INFO] DbMcusAds:53 - JSON generation date=Wed Nov 29 15:52:27 PKT 2023 (1701255147349)
2024-02-21 01:53:22,105 [INFO] ApiDb:448 - Save user favorites file C:\Users\Siraj/.stm32cubeide/favorites.mcus.txt: 0 item(s)
2024-02-21 01:53:22,105 [INFO] ApiDb:452 - User favorites MCUs=[]
2024-02-21 01:53:22,130 [INFO] ApiDb:581 - Connected to CubeFinder SQLite database (C:\Users\Siraj\.stmcufinder\plugins\mcufinder\mcu\cube-finder-db.db)
2024-02-21 01:53:22,175 [INFO] ApiDb:668 - CubeFinder database Data Model version=2.1
2024-02-21 01:53:22,176 [INFO] ApiDb:669 - CubeFinder database Configuration version=3.0.39
2024-02-21 01:53:22,176 [INFO] ApiDb:670 - CubeFinder database generation date=2024-01-11 (1704964531)
2024-02-21 01:53:22,176 [INFO] ApiDb:671 - CubeFinder database FW Pack versions=[FP-ATR-ASTRA1_V2.0.0, FP-SNS-FLIGHT1_V5.0.1, FP-SNS-FLIGHT1_V5.0.2, FP-SNS-MOTENV1_V4.3.1, FP-SNS-MOTENV1_V4.3.2, FP-SNS-MOTENVWB1_V1.3.1, FP-SNS-SMARTAG2_V1.2.0, STM32Cube_FW_C0_V1.1.0, STM32Cube_FW_F4_V1.28.0, STM32Cube_FW_F7_V1.17.0, STM32Cube_FW_G0_V1.6.2, STM32Cube_FW_G4_V1.5.2, STM32Cube_FW_H5_V0.5.1, STM32Cube_FW_H5_V1.1.1, STM32Cube_FW_H5_V1.2.0RC2, STM32Cube_FW_H7_V1.11.0, STM32Cube_FW_L0_V1.12.2, STM32Cube_FW_L5_V1.5.0, STM32Cube_FW_U5_V1.3.0RC4, STM32Cube_FW_U5_V1.4.0, STM32Cube_FW_WBA_V1.0.0RC1, STM32Cube_FW_WBA_V1.1.0RC1, STM32Cube_FW_WBA_V1.2.0, STM32Cube_FW_WBA_V1.2.0RC2, STM32Cube_FW_WB_V1.15.0RC1, STM32Cube_FW_WB_V1.16.0, STM32Cube_FW_WB_V1.16.0RC2, STM32Cube_FW_WB_V1.18.0, STM32Cube_FW_WL_V1.3.0, X-CUBE-ALGOBUILD_V1.3.0, X-CUBE-ALS_V1.0.1, X-CUBE-AZRTOS-F4_V1.1.0, X-CUBE-AZRTOS-F7_V1.1.0, X-CUBE-AZRTOS-G0_V1.1.0, X-CUBE-AZRTOS-G4_V2.0.0, X-CUBE-AZRTOS-H7_V3.2.0, X-CUBE-AZRTOS-L4_V1.0.0, X-CUBE-AZRTOS-L4_V2.0.0, X-CUBE-AZRTOS-L5_V1.1.0, X-CUBE-AZRTOS-WB_V2.0.0, X-CUBE-AZRTOS-WL_V2.0.0, X-CUBE-BLE1_V7.0.0, X-CUBE-BLE2_V3.3.0, X-CUBE-BLEMGR_V3.0.0, X-CUBE-EEPRMA1_V4.1.0, X-CUBE-EEPRMA1_V4.2.0, X-CUBE-FREERTOS_V1.1.0, X-CUBE-GNSS1_V6.0.0, X-CUBE-MEMS1_V10.0.0, X-CUBE-MEMS1_V9.1.0, X-CUBE-MEMS1_V9.4.0, X-CUBE-MEMS1_V9.6.0, X-CUBE-NFC4_V3.0.0, X-CUBE-NFC7_V1.0.1, X-CUBE-SFXS2LP1_V4.0.0, X-CUBE-SUBG2_V5.0.0, X-CUBE-TOF1_V3.4.0]
2024-02-21 01:53:23,382 [INFO] ApiDb:240 - Found 371 in-development CPN: [B-G473E-ZEST1S, B-WB1M-WPAN1, B-WL5M-SUBG1, NUCLEO-C031C6, NUCLEO-H503RB, NUCLEO-H563ZI, NUCLEO-U545RE-Q, NUCLEO-U5A5ZJ-Q, NUCLEO-WBA52CG, NUCLEO-WBA55CG, STEVAL-MKBOXPRO, STEVAL-PROTEUS1, STEVAL-STWINBX1, STM320518-EVAL, STM32C0116-DK, STM32C011D6Y3TR, STM32C011D6Y6TR, STM32C011F4P3, STM32C011F4P6, STM32C011F4U3, STM32C011F4U6TR, STM32C011F6P3, STM32C011F6P6, STM32C011F6U3, STM32C011F6U6TR, STM32C011J4M3, STM32C011J4M6, STM32C011J6M3, STM32C011J6M6, STM32C0316-DK, STM32C031C4T3, STM32C031C4T6, STM32C031C4U3, STM32C031C4U6, STM32C031C6T3, STM32C031C6T6, STM32C031C6U3, STM32C031C6U6, STM32C031F4P3, STM32C031F4P6, STM32C031F6P3, STM32C031F6P6, STM32C031G4U3, STM32C031G4U6, STM32C031G6U3, STM32C031G6U6, STM32C031K4T3, STM32C031K4T6, STM32C031K4U3, STM32C031K4U6, STM32C031K6T3, STM32C031K6T6, STM32C031K6U3, STM32C031K6U6, STM32G071K8TXN, STM32G071K8UXN, STM32G081GBU6N, STM32G081KBT6N, STM32G081KBUXN, STM32G0B1CCT6N, STM32G0B1KCT6, STM32G0B1NEY6TR, STM32G0B1RCT6N, STM32G0C1CCT6, STM32G0C1CCT6N, STM32G0C1CCU6N, STM32G0C1CET6N, STM32G0C1CEU6N, STM32G0C1KCT6, STM32G0C1NEY6TR, STM32G0C1RCI6N, STM32G0C1RCT6N, STM32G0C1REI6N, STM32G0C1RET6N, STM32G0C1VCI6, STM32G0C1VEI6, STM32G471CCT6, STM32G471CCU6, STM32G471CET3, STM32G471CET6, STM32G471CEU3, STM32G471CEU6, STM32G471MCT6, STM32G471MET3, STM32G471MET6, STM32G471MEY6TR, STM32G471QCT6, STM32G471QET3, STM32G471RCT6, STM32G471RET3, STM32G471RET6, STM32G471VCH6, STM32G471VCI6, STM32G471VCT6, STM32G471VEH3, STM32G471VEH6, STM32G471VEI3, STM32G471VEI6, STM32G471VET3, STM32G471VET6, STM32G474CCT6, STM32H503CBT6, STM32H503CBU6, STM32H503EBY6TR, STM32H503KBU6, STM32H503RBT6, STM32H562AGI6, STM32H562AII6, STM32H562IGK6, STM32H562IGT6, STM32H562IIK6, STM32H562IIT6, STM32H562RGT6, STM32H562RGV6, STM32H562RIT6, STM32H562RIV6, STM32H562VGT6, STM32H562VIT6, STM32H562ZGT6, STM32H562ZIT6, STM32H563AGI6, STM32H563AII3Q, STM32H563AII6, STM32H563IGK6, STM32H563IGT6, STM32H563IIK3Q, STM32H563IIK6, STM32H563IIT3Q, STM32H563IIT6, STM32H563MIY3QTR, STM32H563RGT6, STM32H563RGV6, STM32H563RIT6, STM32H563RIV6, STM32H563VGT6, STM32H563VIT3Q, STM32H563VIT6, STM32H563ZGT6, STM32H563ZIT3Q, STM32H563ZIT6, STM32H573AII3Q, STM32H573AII6, STM32H573I-DK, STM32H573IIK3Q, STM32H573IIK6, STM32H573IIT3Q, STM32H573IIT6, STM32H573MIY3QTR, STM32H573RIT6, STM32H573RIV6, STM32H573VIT3Q, STM32H573VIT6, STM32H573ZIT3Q, STM32H573ZIT6, STM32L4R5QGI6STR, STM32MP131AAE3, STM32MP131AAF3, STM32MP131AAG3, STM32MP131CAE3, STM32MP131CAF3, STM32MP131CAG3, STM32MP131DAE7, STM32MP131DAF7, STM32MP131DAG7, STM32MP131FAE7, STM32MP131FAF7, STM32MP131FAG7, STM32MP133AAE3, STM32MP133AAF3, STM32MP133AAG3, STM32MP133CAE3, STM32MP133CAF3, STM32MP133CAG3, STM32MP133DAE7, STM32MP133DAF7, STM32MP133DAG7, STM32MP133FAE7, STM32MP133FAF7, STM32MP133FAG7, STM32MP135AAE3, STM32MP135AAF3, STM32MP135AAG3, STM32MP135CAE3, STM32MP135CAF3, STM32MP135CAG3, STM32MP135DAE7, STM32MP135DAF7, STM32MP135DAG7, STM32MP135F-DK, STM32MP135FAE7, STM32MP135FAF7, STM32MP135FAF7T, STM32MP135FAF7U, STM32MP135FAG7, STM32U535CBT6, STM32U535CBT6Q, STM32U535CBU6, STM32U535CBU6Q, STM32U535CCT6, STM32U535CCT6Q, STM32U535CCU6, STM32U535CCU6Q, STM32U535CET6, STM32U535CET6Q, STM32U535CEU6, STM32U535CEU6Q, STM32U535JEY6QTR, STM32U535NCY6QTR, STM32U535NEY6QTR, STM32U535RBI6, STM32U535RBI6Q, STM32U535RBT6, STM32U535RBT6Q, STM32U535RCI6, STM32U535RCI6Q, STM32U535RCT6, STM32U535RCT6Q, STM32U535REI6, STM32U535REI6Q, STM32U535RET6, STM32U535RET6Q, STM32U535VCI6, STM32U535VCI6Q, STM32U535VCT6, STM32U535VCT6Q, STM32U535VEI6, STM32U535VEI6Q, STM32U535VET6, STM32U535VET6Q, STM32U545CET6, STM32U545CET6Q, STM32U545CEU6, STM32U545CEU6Q, STM32U545JEY6QTR, STM32U545NEY6QTR, STM32U545REI6, STM32U545REI6Q, STM32U545RET6, STM32U545RET6Q, STM32U545VEI6, STM32U545VEI6Q, STM32U545VET6, STM32U545VET6Q, STM32U595AIH6, STM32U595AIH6Q, STM32U595AJH6, STM32U595AJH6Q, STM32U595QII6, STM32U595QII6Q, STM32U595QJI6, STM32U595QJI6Q, STM32U595RIT6, STM32U595RIT6Q, STM32U595RJT6, STM32U595RJT6Q, STM32U595VIT6, STM32U595VIT6Q, STM32U595VJT6, STM32U595VJT6Q, STM32U595ZIT6, STM32U595ZIT6Q, STM32U595ZIY6QTR, STM32U595ZJT6, STM32U595ZJT6Q, STM32U595ZJY6QTR, STM32U599BJY6QTR, STM32U599NIH6Q, STM32U599NJH6Q, STM32U599VIT6Q, STM32U599VJT6, STM32U599VJT6Q, STM32U599ZIT6Q, STM32U599ZIY6QTR, STM32U599ZJT6Q, STM32U599ZJY6QTR, STM32U5A5AJH6, STM32U5A5AJH6Q, STM32U5A5QJI6, STM32U5A5QJI6Q, STM32U5A5RJT6, STM32U5A5RJT6Q, STM32U5A5VJT6, STM32U5A5VJT6Q, STM32U5A5ZJT6, STM32U5A5ZJT6Q, STM32U5A5ZJY6QTR, STM32U5A9BJY6QTR, STM32U5A9J-DK, STM32U5A9NJH6Q, STM32U5A9VJT6Q, STM32U5A9ZJT6Q, STM32U5A9ZJY6QTR, STM32U5F7VIT6, STM32U5F7VIT6Q, STM32U5F7VJT6, STM32U5F7VJT6Q, STM32U5F9BJY6QTR, STM32U5F9NJH6Q, STM32U5F9VIT6Q, STM32U5F9VJT6Q, STM32U5F9ZIJ6QTR, STM32U5F9ZIT6Q, STM32U5F9ZJJ6QTR, STM32U5F9ZJT6Q, STM32U5G7VJT6, STM32U5G7VJT6Q, STM32U5G9BJY6QTR, STM32U5G9J-DK1, STM32U5G9J-DK2, STM32U5G9NJH6Q, STM32U5G9VJT6Q, STM32U5G9ZJJ6QTR, STM32U5G9ZJT6Q, STM32WB1MMCH6, STM32WBA50KEU6, STM32WBA50KEU6TR, STM32WBA50KGU6, STM32WBA50KGU6TR, STM32WBA52CEU6, STM32WBA52CEU6TR, STM32WBA52CEU7, STM32WBA52CEU7TR, STM32WBA52CGU6, STM32WBA52CGU6TR, STM32WBA52CGU6U, STM32WBA52CGU7, STM32WBA52CGU7TR, STM32WBA52KEU6, STM32WBA52KEU6TR, STM32WBA52KGU6, STM32WBA52KGU6TR, STM32WBA54CEU6, STM32WBA54CEU6TR, STM32WBA54CEU7, STM32WBA54CEU7TR, STM32WBA54CGU6, STM32WBA54CGU6TR, STM32WBA54CGU7, STM32WBA54CGU7TR, STM32WBA54KEU6, STM32WBA54KEU6TR, STM32WBA54KEU7, STM32WBA54KEU7TR, STM32WBA54KGU6, STM32WBA54KGU6TR, STM32WBA54KGU7, STM32WBA54KGU7TR, STM32WBA55CEU6, STM32WBA55CEU6TR, STM32WBA55CEU7, STM32WBA55CEU7TR, STM32WBA55CGU6, STM32WBA55CGU6TR, STM32WBA55CGU6U, STM32WBA55CGU7, STM32WBA55CGU7TR, STM32WBA55G-DK1, STM32WBA55HEF6, STM32WBA55HEF7, STM32WBA55HGF6, STM32WBA55HGF7, STM32WBA55UEI6, STM32WBA55UEI6TR, STM32WBA55UEI7, STM32WBA55UEI7TR, STM32WBA55UGI6, STM32WBA55UGI6TR, STM32WBA55UGI7, STM32WBA55UGI7TR, STM32WL5MOCH6, STM32WL5MOCH6TR]
2024-02-21 01:53:23,383 [INFO] DbMcus:218 - Found 3930 MCUs, 3930 are supported
2024-02-21 01:53:23,383 [INFO] ApiDb:423 - Load user favorites file C:\Users\Siraj/.stm32cubeide/favorites.mcus.txt: 0 item(s)
2024-02-21 01:53:23,383 [INFO] ApiDb:427 - User favorites MCUs=[]
2024-02-21 01:53:23,383 [INFO] DbMcus:224 - Set 0 / 0 favorites MCUs
2024-02-21 01:53:23,518 [INFO] ApiDb:448 - Save user favorites file C:\Users\Siraj/.stm32cubeide/favorites.boards.txt: 1 item(s)
2024-02-21 01:53:23,518 [INFO] ApiDb:452 - User favorites Boards=[B-L475E-IOT01A2]
2024-02-21 01:53:23,519 [INFO] ApiDb:581 - Connected to CubeFinder SQLite database (C:\Users\Siraj\.stmcufinder\plugins\mcufinder\mcu\cube-finder-db.db)
2024-02-21 01:53:23,559 [INFO] ApiDb:668 - CubeFinder database Data Model version=2.1
2024-02-21 01:53:23,559 [INFO] ApiDb:669 - CubeFinder database Configuration version=3.0.39
2024-02-21 01:53:23,559 [INFO] ApiDb:670 - CubeFinder database generation date=2024-01-11 (1704964531)
2024-02-21 01:53:23,559 [INFO] ApiDb:671 - CubeFinder database FW Pack versions=[FP-ATR-ASTRA1_V2.0.0, FP-SNS-FLIGHT1_V5.0.1, FP-SNS-FLIGHT1_V5.0.2, FP-SNS-MOTENV1_V4.3.1, FP-SNS-MOTENV1_V4.3.2, FP-SNS-MOTENVWB1_V1.3.1, FP-SNS-SMARTAG2_V1.2.0, STM32Cube_FW_C0_V1.1.0, STM32Cube_FW_F4_V1.28.0, STM32Cube_FW_F7_V1.17.0, STM32Cube_FW_G0_V1.6.2, STM32Cube_FW_G4_V1.5.2, STM32Cube_FW_H5_V0.5.1, STM32Cube_FW_H5_V1.1.1, STM32Cube_FW_H5_V1.2.0RC2, STM32Cube_FW_H7_V1.11.0, STM32Cube_FW_L0_V1.12.2, STM32Cube_FW_L5_V1.5.0, STM32Cube_FW_U5_V1.3.0RC4, STM32Cube_FW_U5_V1.4.0, STM32Cube_FW_WBA_V1.0.0RC1, STM32Cube_FW_WBA_V1.1.0RC1, STM32Cube_FW_WBA_V1.2.0, STM32Cube_FW_WBA_V1.2.0RC2, STM32Cube_FW_WB_V1.15.0RC1, STM32Cube_FW_WB_V1.16.0, STM32Cube_FW_WB_V1.16.0RC2, STM32Cube_FW_WB_V1.18.0, STM32Cube_FW_WL_V1.3.0, X-CUBE-ALGOBUILD_V1.3.0, X-CUBE-ALS_V1.0.1, X-CUBE-AZRTOS-F4_V1.1.0, X-CUBE-AZRTOS-F7_V1.1.0, X-CUBE-AZRTOS-G0_V1.1.0, X-CUBE-AZRTOS-G4_V2.0.0, X-CUBE-AZRTOS-H7_V3.2.0, X-CUBE-AZRTOS-L4_V1.0.0, X-CUBE-AZRTOS-L4_V2.0.0, X-CUBE-AZRTOS-L5_V1.1.0, X-CUBE-AZRTOS-WB_V2.0.0, X-CUBE-AZRTOS-WL_V2.0.0, X-CUBE-BLE1_V7.0.0, X-CUBE-BLE2_V3.3.0, X-CUBE-BLEMGR_V3.0.0, X-CUBE-EEPRMA1_V4.1.0, X-CUBE-EEPRMA1_V4.2.0, X-CUBE-FREERTOS_V1.1.0, X-CUBE-GNSS1_V6.0.0, X-CUBE-MEMS1_V10.0.0, X-CUBE-MEMS1_V9.1.0, X-CUBE-MEMS1_V9.4.0, X-CUBE-MEMS1_V9.6.0, X-CUBE-NFC4_V3.0.0, X-CUBE-NFC7_V1.0.1, X-CUBE-SFXS2LP1_V4.0.0, X-CUBE-SUBG2_V5.0.0, X-CUBE-TOF1_V3.4.0]
2024-02-21 01:53:23,597 [INFO] DbBoardsSqlite:226 - include board P-NUCLEO-WB55-NUCLEO as a kit item of type 'Nucleo-64'
2024-02-21 01:53:23,597 [INFO] DbBoardsSqlite:226 - include board P-NUCLEO-WB55-USBDONGLE as a kit item of type 'Nucleo USB Dongle'
2024-02-21 01:53:23,597 [INFO] DbBoardsSqlite:226 - include board STEVAL-IDP005V1 as a kit item of type 'Evaluation Board'
2024-02-21 01:53:23,597 [INFO] DbBoardsSqlite:226 - include board STEVAL-IDP005V2 as a kit item of type 'Evaluation Board'
2024-02-21 01:53:23,637 [INFO] ApiDb:240 - Found 371 in-development CPN: [B-G473E-ZEST1S, B-WB1M-WPAN1, B-WL5M-SUBG1, NUCLEO-C031C6, NUCLEO-H503RB, NUCLEO-H563ZI, NUCLEO-U545RE-Q, NUCLEO-U5A5ZJ-Q, NUCLEO-WBA52CG, NUCLEO-WBA55CG, STEVAL-MKBOXPRO, STEVAL-PROTEUS1, STEVAL-STWINBX1, STM320518-EVAL, STM32C0116-DK, STM32C011D6Y3TR, STM32C011D6Y6TR, STM32C011F4P3, STM32C011F4P6, STM32C011F4U3, STM32C011F4U6TR, STM32C011F6P3, STM32C011F6P6, STM32C011F6U3, STM32C011F6U6TR, STM32C011J4M3, STM32C011J4M6, STM32C011J6M3, STM32C011J6M6, STM32C0316-DK, STM32C031C4T3, STM32C031C4T6, STM32C031C4U3, STM32C031C4U6, STM32C031C6T3, STM32C031C6T6, STM32C031C6U3, STM32C031C6U6, STM32C031F4P3, STM32C031F4P6, STM32C031F6P3, STM32C031F6P6, STM32C031G4U3, STM32C031G4U6, STM32C031G6U3, STM32C031G6U6, STM32C031K4T3, STM32C031K4T6, STM32C031K4U3, STM32C031K4U6, STM32C031K6T3, STM32C031K6T6, STM32C031K6U3, STM32C031K6U6, STM32G071K8TXN, STM32G071K8UXN, STM32G081GBU6N, STM32G081KBT6N, STM32G081KBUXN, STM32G0B1CCT6N, STM32G0B1KCT6, STM32G0B1NEY6TR, STM32G0B1RCT6N, STM32G0C1CCT6, STM32G0C1CCT6N, STM32G0C1CCU6N, STM32G0C1CET6N, STM32G0C1CEU6N, STM32G0C1KCT6, STM32G0C1NEY6TR, STM32G0C1RCI6N, STM32G0C1RCT6N, STM32G0C1REI6N, STM32G0C1RET6N, STM32G0C1VCI6, STM32G0C1VEI6, STM32G471CCT6, STM32G471CCU6, STM32G471CET3, STM32G471CET6, STM32G471CEU3, STM32G471CEU6, STM32G471MCT6, STM32G471MET3, STM32G471MET6, STM32G471MEY6TR, STM32G471QCT6, STM32G471QET3, STM32G471RCT6, STM32G471RET3, STM32G471RET6, STM32G471VCH6, STM32G471VCI6, STM32G471VCT6, STM32G471VEH3, STM32G471VEH6, STM32G471VEI3, STM32G471VEI6, STM32G471VET3, STM32G471VET6, STM32G474CCT6, STM32H503CBT6, STM32H503CBU6, STM32H503EBY6TR, STM32H503KBU6, STM32H503RBT6, STM32H562AGI6, STM32H562AII6, STM32H562IGK6, STM32H562IGT6, STM32H562IIK6, STM32H562IIT6, STM32H562RGT6, STM32H562RGV6, STM32H562RIT6, STM32H562RIV6, STM32H562VGT6, STM32H562VIT6, STM32H562ZGT6, STM32H562ZIT6, STM32H563AGI6, STM32H563AII3Q, STM32H563AII6, STM32H563IGK6, STM32H563IGT6, STM32H563IIK3Q, STM32H563IIK6, STM32H563IIT3Q, STM32H563IIT6, STM32H563MIY3QTR, STM32H563RGT6, STM32H563RGV6, STM32H563RIT6, STM32H563RIV6, STM32H563VGT6, STM32H563VIT3Q, STM32H563VIT6, STM32H563ZGT6, STM32H563ZIT3Q, STM32H563ZIT6, STM32H573AII3Q, STM32H573AII6, STM32H573I-DK, STM32H573IIK3Q, STM32H573IIK6, STM32H573IIT3Q, STM32H573IIT6, STM32H573MIY3QTR, STM32H573RIT6, STM32H573RIV6, STM32H573VIT3Q, STM32H573VIT6, STM32H573ZIT3Q, STM32H573ZIT6, STM32L4R5QGI6STR, STM32MP131AAE3, STM32MP131AAF3, STM32MP131AAG3, STM32MP131CAE3, STM32MP131CAF3, STM32MP131CAG3, STM32MP131DAE7, STM32MP131DAF7, STM32MP131DAG7, STM32MP131FAE7, STM32MP131FAF7, STM32MP131FAG7, STM32MP133AAE3, STM32MP133AAF3, STM32MP133AAG3, STM32MP133CAE3, STM32MP133CAF3, STM32MP133CAG3, STM32MP133DAE7, STM32MP133DAF7, STM32MP133DAG7, STM32MP133FAE7, STM32MP133FAF7, STM32MP133FAG7, STM32MP135AAE3, STM32MP135AAF3, STM32MP135AAG3, STM32MP135CAE3, STM32MP135CAF3, STM32MP135CAG3, STM32MP135DAE7, STM32MP135DAF7, STM32MP135DAG7, STM32MP135F-DK, STM32MP135FAE7, STM32MP135FAF7, STM32MP135FAF7T, STM32MP135FAF7U, STM32MP135FAG7, STM32U535CBT6, STM32U535CBT6Q, STM32U535CBU6, STM32U535CBU6Q, STM32U535CCT6, STM32U535CCT6Q, STM32U535CCU6, STM32U535CCU6Q, STM32U535CET6, STM32U535CET6Q, STM32U535CEU6, STM32U535CEU6Q, STM32U535JEY6QTR, STM32U535NCY6QTR, STM32U535NEY6QTR, STM32U535RBI6, STM32U535RBI6Q, STM32U535RBT6, STM32U535RBT6Q, STM32U535RCI6, STM32U535RCI6Q, STM32U535RCT6, STM32U535RCT6Q, STM32U535REI6, STM32U535REI6Q, STM32U535RET6, STM32U535RET6Q, STM32U535VCI6, STM32U535VCI6Q, STM32U535VCT6, STM32U535VCT6Q, STM32U535VEI6, STM32U535VEI6Q, STM32U535VET6, STM32U535VET6Q, STM32U545CET6, STM32U545CET6Q, STM32U545CEU6, STM32U545CEU6Q, STM32U545JEY6QTR, STM32U545NEY6QTR, STM32U545REI6, STM32U545REI6Q, STM32U545RET6, STM32U545RET6Q, STM32U545VEI6, STM32U545VEI6Q, STM32U545VET6, STM32U545VET6Q, STM32U595AIH6, STM32U595AIH6Q, STM32U595AJH6, STM32U595AJH6Q, STM32U595QII6, STM32U595QII6Q, STM32U595QJI6, STM32U595QJI6Q, STM32U595RIT6, STM32U595RIT6Q, STM32U595RJT6, STM32U595RJT6Q, STM32U595VIT6, STM32U595VIT6Q, STM32U595VJT6, STM32U595VJT6Q, STM32U595ZIT6, STM32U595ZIT6Q, STM32U595ZIY6QTR, STM32U595ZJT6, STM32U595ZJT6Q, STM32U595ZJY6QTR, STM32U599BJY6QTR, STM32U599NIH6Q, STM32U599NJH6Q, STM32U599VIT6Q, STM32U599VJT6, STM32U599VJT6Q, STM32U599ZIT6Q, STM32U599ZIY6QTR, STM32U599ZJT6Q, STM32U599ZJY6QTR, STM32U5A5AJH6, STM32U5A5AJH6Q, STM32U5A5QJI6, STM32U5A5QJI6Q, STM32U5A5RJT6, STM32U5A5RJT6Q, STM32U5A5VJT6, STM32U5A5VJT6Q, STM32U5A5ZJT6, STM32U5A5ZJT6Q, STM32U5A5ZJY6QTR, STM32U5A9BJY6QTR, STM32U5A9J-DK, STM32U5A9NJH6Q, STM32U5A9VJT6Q, STM32U5A9ZJT6Q, STM32U5A9ZJY6QTR, STM32U5F7VIT6, STM32U5F7VIT6Q, STM32U5F7VJT6, STM32U5F7VJT6Q, STM32U5F9BJY6QTR, STM32U5F9NJH6Q, STM32U5F9VIT6Q, STM32U5F9VJT6Q, STM32U5F9ZIJ6QTR, STM32U5F9ZIT6Q, STM32U5F9ZJJ6QTR, STM32U5F9ZJT6Q, STM32U5G7VJT6, STM32U5G7VJT6Q, STM32U5G9BJY6QTR, STM32U5G9J-DK1, STM32U5G9J-DK2, STM32U5G9NJH6Q, STM32U5G9VJT6Q, STM32U5G9ZJJ6QTR, STM32U5G9ZJT6Q, STM32WB1MMCH6, STM32WBA50KEU6, STM32WBA50KEU6TR, STM32WBA50KGU6, STM32WBA50KGU6TR, STM32WBA52CEU6, STM32WBA52CEU6TR, STM32WBA52CEU7, STM32WBA52CEU7TR, STM32WBA52CGU6, STM32WBA52CGU6TR, STM32WBA52CGU6U, STM32WBA52CGU7, STM32WBA52CGU7TR, STM32WBA52KEU6, STM32WBA52KEU6TR, STM32WBA52KGU6, STM32WBA52KGU6TR, STM32WBA54CEU6, STM32WBA54CEU6TR, STM32WBA54CEU7, STM32WBA54CEU7TR, STM32WBA54CGU6, STM32WBA54CGU6TR, STM32WBA54CGU7, STM32WBA54CGU7TR, STM32WBA54KEU6, STM32WBA54KEU6TR, STM32WBA54KEU7, STM32WBA54KEU7TR, STM32WBA54KGU6, STM32WBA54KGU6TR, STM32WBA54KGU7, STM32WBA54KGU7TR, STM32WBA55CEU6, STM32WBA55CEU6TR, STM32WBA55CEU7, STM32WBA55CEU7TR, STM32WBA55CGU6, STM32WBA55CGU6TR, STM32WBA55CGU6U, STM32WBA55CGU7, STM32WBA55CGU7TR, STM32WBA55G-DK1, STM32WBA55HEF6, STM32WBA55HEF7, STM32WBA55HGF6, STM32WBA55HGF7, STM32WBA55UEI6, STM32WBA55UEI6TR, STM32WBA55UEI7, STM32WBA55UEI7TR, STM32WBA55UGI6, STM32WBA55UGI6TR, STM32WBA55UGI7, STM32WBA55UGI7TR, STM32WL5MOCH6, STM32WL5MOCH6TR]
2024-02-21 01:53:23,732 [INFO] BoardInfo:889 - No configuration file found for board P-NUCLEO-WB55
2024-02-21 01:53:23,732 [INFO] DbBoards:161 - Kit is not supported: P-NUCLEO-WB55
2024-02-21 01:53:23,747 [INFO] BoardInfo:889 - No configuration file found for board STEVAL-BFA001V1B
2024-02-21 01:53:23,747 [INFO] DbBoards:161 - Kit is not supported: STEVAL-BFA001V1B
2024-02-21 01:53:23,747 [INFO] BoardInfo:889 - No configuration file found for board STEVAL-BFA001V2B
2024-02-21 01:53:23,747 [INFO] DbBoards:161 - Kit is not supported: STEVAL-BFA001V2B
2024-02-21 01:53:24,108 [INFO] DbBoards:168 - Found 193 boards, 190 are supported
2024-02-21 01:53:24,108 [INFO] DbBoards:169 - Found 193 boards, 3 of them is supported for  Bsp
2024-02-21 01:53:24,108 [INFO] ApiDb:423 - Load user favorites file C:\Users\Siraj/.stm32cubeide/favorites.boards.txt: 1 item(s)
2024-02-21 01:53:24,108 [INFO] ApiDb:427 - User favorites Boards=[B-L475E-IOT01A2]
2024-02-21 01:53:24,108 [INFO] DbBoards:198 - Set 1 / 1 favorites Boards
2024-02-21 01:53:24,124 [INFO] LoadUrlFilesThread:185 - End of LoadServerUrlFiles without Thread
2024-02-21 01:53:24,124 [INFO] TargetSelectorAdapter:259 - Refresh data is successful
2024-02-21 01:53:24,124 [INFO] ApiDb:668 - CubeFinder database Data Model version=2.1
2024-02-21 01:53:24,124 [INFO] ApiDb:669 - CubeFinder database Configuration version=3.0.39
2024-02-21 01:53:24,124 [INFO] ApiDb:670 - CubeFinder database generation date=2024-01-11 (1704964531)
2024-02-21 01:53:24,124 [INFO] ApiDb:671 - CubeFinder database FW Pack versions=[FP-ATR-ASTRA1_V2.0.0, FP-SNS-FLIGHT1_V5.0.1, FP-SNS-FLIGHT1_V5.0.2, FP-SNS-MOTENV1_V4.3.1, FP-SNS-MOTENV1_V4.3.2, FP-SNS-MOTENVWB1_V1.3.1, FP-SNS-SMARTAG2_V1.2.0, STM32Cube_FW_C0_V1.1.0, STM32Cube_FW_F4_V1.28.0, STM32Cube_FW_F7_V1.17.0, STM32Cube_FW_G0_V1.6.2, STM32Cube_FW_G4_V1.5.2, STM32Cube_FW_H5_V0.5.1, STM32Cube_FW_H5_V1.1.1, STM32Cube_FW_H5_V1.2.0RC2, STM32Cube_FW_H7_V1.11.0, STM32Cube_FW_L0_V1.12.2, STM32Cube_FW_L5_V1.5.0, STM32Cube_FW_U5_V1.3.0RC4, STM32Cube_FW_U5_V1.4.0, STM32Cube_FW_WBA_V1.0.0RC1, STM32Cube_FW_WBA_V1.1.0RC1, STM32Cube_FW_WBA_V1.2.0, STM32Cube_FW_WBA_V1.2.0RC2, STM32Cube_FW_WB_V1.15.0RC1, STM32Cube_FW_WB_V1.16.0, STM32Cube_FW_WB_V1.16.0RC2, STM32Cube_FW_WB_V1.18.0, STM32Cube_FW_WL_V1.3.0, X-CUBE-ALGOBUILD_V1.3.0, X-CUBE-ALS_V1.0.1, X-CUBE-AZRTOS-F4_V1.1.0, X-CUBE-AZRTOS-F7_V1.1.0, X-CUBE-AZRTOS-G0_V1.1.0, X-CUBE-AZRTOS-G4_V2.0.0, X-CUBE-AZRTOS-H7_V3.2.0, X-CUBE-AZRTOS-L4_V1.0.0, X-CUBE-AZRTOS-L4_V2.0.0, X-CUBE-AZRTOS-L5_V1.1.0, X-CUBE-AZRTOS-WB_V2.0.0, X-CUBE-AZRTOS-WL_V2.0.0, X-CUBE-BLE1_V7.0.0, X-CUBE-BLE2_V3.3.0, X-CUBE-BLEMGR_V3.0.0, X-CUBE-EEPRMA1_V4.1.0, X-CUBE-EEPRMA1_V4.2.0, X-CUBE-FREERTOS_V1.1.0, X-CUBE-GNSS1_V6.0.0, X-CUBE-MEMS1_V10.0.0, X-CUBE-MEMS1_V9.1.0, X-CUBE-MEMS1_V9.4.0, X-CUBE-MEMS1_V9.6.0, X-CUBE-NFC4_V3.0.0, X-CUBE-NFC7_V1.0.1, X-CUBE-SFXS2LP1_V4.0.0, X-CUBE-SUBG2_V5.0.0, X-CUBE-TOF1_V3.4.0]
2024-02-21 01:53:24,916 [ERROR] DbExamplesSqlite:437 - Missing JSON key: board_cpn
2024-02-21 01:53:24,916 [ERROR] DbExamplesSqlite:437 - Missing JSON key: board_cpn
2024-02-21 01:53:24,917 [ERROR] DbExamplesSqlite:437 - Missing JSON key: board_cpn
2024-02-21 01:53:24,917 [ERROR] DbExamplesSqlite:437 - Missing JSON key: board_cpn
2024-02-21 01:53:24,948 [INFO] DbExamplesSqlite:395 - Ignored 55 examples not supported by CubeIDE
2024-02-21 01:53:24,948 [INFO] DbExamplesSqlite:396 - Found 7560 examples active
2024-02-21 01:53:24,948 [INFO] DbExamplesSqlite:397 - Found 844 examples obsolete
2024-02-21 01:53:24,948 [INFO] DbExamplesSqlite:398 - Found 0 examples under development
2024-02-21 01:53:24,948 [INFO] DbExamplesSqlite:399 - Found 8 examples not building
2024-02-21 01:53:24,950 [INFO] DbExamples:125 - Found 7513 examples
2024-02-21 01:53:24,958 [INFO] DbExamples:222 - Found 95 boards with related examples
2024-02-21 01:53:24,959 [INFO] DbExamples:235 - Found 80 MCUs with related examples
2024-02-21 01:53:24,974 [INFO] ApiDb:414 - User favorites file not found: C:\Users\Siraj/.stm32cubeide/favorites.examples.txt
2024-02-21 01:53:24,974 [INFO] DbExamples:250 - Set 0 / 0 favorites Examples
2024-02-21 01:53:25,041 [INFO] McuFinderGlobals:76 - Set McuFinderConnectedMode to true
2024-02-21 01:53:25,045 [INFO] MultiScanPanel:200 - Auto-refresh data requested => check proxy status ongoing
2024-02-21 01:53:25,046 [INFO] FinderPluginLoader:95 - Searching for filters in installed packs
2024-02-21 01:53:26,128 [INFO] LoadUrlFilesThread:185 - End of LoadServerUrlFiles without Thread
2024-02-21 01:53:26,128 [INFO] DetailPanel:341 - Set advertising image to C:/Users/Siraj/STM32Cube/Repository/\en.prom-stm32wl3-mcu-finder.jpg
2024-02-21 01:55:00,657 [INFO] MainUpdater:2873 - connection check result : 10
2024-02-21 01:55:00,658 [INFO] MainUpdater:2873 - connection check result : 10
2024-02-21 01:55:00,734 [INFO] I2cTimingTraitement:330 - 0x10909CEC
2024-02-21 01:55:00,748 [INFO] MicroXplorer:468 - Change Database Path : 
2024-02-21 01:55:00,748 [INFO] MicroXplorer:498 - Change Database Version : DB.6.0.100
2024-02-21 01:55:00,832 [ERROR] ProjectManagerView:394 - 
java.lang.NullPointerException: Cannot invoke "javax.swing.JTextField.getText()" because the return value of "java.util.List.get(int)" is null
	at com.st.microxplorer.plugins.projectmanager.gui.ProjectChoiceTab$10.caretUpdate(ProjectChoiceTab.java:2493) ~[filemanager.jar:?]
	at javax.swing.text.JTextComponent.fireCaretUpdate(JTextComponent.java:412) ~[?:?]
	at javax.swing.text.JTextComponent$MutableCaretEvent.fire(JTextComponent.java:4491) ~[?:?]
	at javax.swing.text.JTextComponent$MutableCaretEvent.stateChanged(JTextComponent.java:4513) ~[?:?]
	at javax.swing.text.DefaultCaret.fireStateChanged(DefaultCaret.java:842) ~[?:?]
	at javax.swing.text.DefaultCaret.changeCaretPosition(DefaultCaret.java:1313) ~[?:?]
	at javax.swing.text.DefaultCaret.handleSetDot(DefaultCaret.java:1212) ~[?:?]
	at javax.swing.text.DefaultCaret.setDot(DefaultCaret.java:1193) ~[?:?]
	at javax.swing.text.DefaultCaret$Handler.insertUpdate(DefaultCaret.java:1789) ~[?:?]
	at javax.swing.text.AbstractDocument.fireInsertUpdate(AbstractDocument.java:226) ~[?:?]
	at javax.swing.text.AbstractDocument.handleInsertString(AbstractDocument.java:780) ~[?:?]
	at javax.swing.text.AbstractDocument.insertString(AbstractDocument.java:739) ~[?:?]
	at javax.swing.text.PlainDocument.insertString(PlainDocument.java:131) ~[?:?]
	at javax.swing.text.AbstractDocument.replace(AbstractDocument.java:698) ~[?:?]
	at javax.swing.text.JTextComponent.setText(JTextComponent.java:1729) ~[?:?]
	at com.st.microxplorer.plugins.projectmanager.gui.ProjectChoiceTab.createHeapStackFields(ProjectChoiceTab.java:933) ~[filemanager.jar:?]
	at com.st.microxplorer.plugins.projectmanager.gui.ProjectChoiceTab.buildLinkSettingsPanel(ProjectChoiceTab.java:3426) ~[filemanager.jar:?]
	at com.st.microxplorer.plugins.projectmanager.gui.ProjectChoiceTab.defineWindowsFields(ProjectChoiceTab.java:1813) ~[filemanager.jar:?]
	at com.st.microxplorer.plugins.projectmanager.gui.ProjectChoiceTab.updateSettings(ProjectChoiceTab.java:533) ~[filemanager.jar:?]
	at com.st.microxplorer.plugins.projectmanager.gui.ProjectSettingsPanel.UpdateDialog(ProjectSettingsPanel.java:244) ~[filemanager.jar:?]
	at com.st.microxplorer.plugins.projectmanager.ProjectManagerView.propertyChange(ProjectManagerView.java:391) ~[filemanager.jar:?]
	at java.beans.PropertyChangeSupport.fire(PropertyChangeSupport.java:343) ~[?:?]
	at java.beans.PropertyChangeSupport.firePropertyChange(PropertyChangeSupport.java:335) ~[?:?]
	at java.beans.PropertyChangeSupport.firePropertyChange(PropertyChangeSupport.java:268) ~[?:?]
	at com.st.microxplorer.util.MXPropertyChangeSupport.firePropertyChange(MXPropertyChangeSupport.java:54) ~[STM32CubeMX.jar:?]
	at com.st.microxplorer.mxsystem.MxSystem.closeConfig(MxSystem.java:900) ~[STM32CubeMX.jar:?]
	at com.st.microxplorer.maingui.MainPanel.closeConfig(MainPanel.java:776) ~[STM32CubeMX.jar:?]
	at com.st.microxplorer.plugins.filemanager.engine.OpenFileManager.loadConfigurationFile(OpenFileManager.java:245) ~[filemanager.jar:?]
	at com.st.microxplorer.plugins.filemanager.engine.MainFileManager.userLoadConfig(MainFileManager.java:290) ~[filemanager.jar:?]
	at com.st.microxplorer.plugins.filemanager.FileManagerView.getSpecificTask(FileManagerView.java:247) ~[filemanager.jar:?]
	at com.st.stm32cube.common.mx.editor.CubeMxEditor.getMxTabbedPaneInstance(CubeMxEditor.java:1184) ~[com.st.stm32cube.common.mx_6.10.0.202311202037/:?]
	at com.st.stm32cube.common.mx.editor.CubeMxEditor$12$1.createSwingComponent(CubeMxEditor.java:1065) ~[com.st.stm32cube.common.mx_6.10.0.202311202037/:?]
	at com.st.stm32cube.common.mx.oss.core.awtswtbridge.EmbeddedSwingComposite.doComponentCreation(EmbeddedSwingComposite.java:492) ~[com.st.stm32cube.common.mx.oss_6.10.0.202311202037/:?]
	at com.st.stm32cube.common.mx.oss.core.awtswtbridge.EmbeddedSwingComposite$4.run(EmbeddedSwingComposite.java:291) ~[com.st.stm32cube.common.mx.oss_6.10.0.202311202037/:?]
	at com.st.stm32cube.common.mx.oss.core.awtswtbridge.AwtEnvironment$2.run(AwtEnvironment.java:166) ~[com.st.stm32cube.common.mx.oss_6.10.0.202311202037/:?]
	at java.awt.event.InvocationEvent.dispatch(InvocationEvent.java:318) ~[?:?]
	at java.awt.EventQueue.dispatchEventImpl(EventQueue.java:773) ~[?:?]
	at java.awt.EventQueue$4.run(EventQueue.java:720) ~[?:?]
	at java.awt.EventQueue$4.run(EventQueue.java:714) ~[?:?]
	at java.security.AccessController.doPrivileged(AccessController.java:399) ~[?:?]
	at java.security.ProtectionDomain$JavaSecurityAccessImpl.doIntersectionPrivilege(ProtectionDomain.java:86) ~[?:?]
	at java.awt.EventQueue.dispatchEvent(EventQueue.java:742) ~[?:?]
	at java.awt.EventDispatchThread.pumpOneEventForFilters(EventDispatchThread.java:203) ~[?:?]
	at java.awt.EventDispatchThread.pumpEventsForFilter(EventDispatchThread.java:124) ~[?:?]
	at java.awt.EventDispatchThread.pumpEventsForHierarchy(EventDispatchThread.java:113) ~[?:?]
	at java.awt.EventDispatchThread.pumpEvents(EventDispatchThread.java:109) ~[?:?]
	at java.awt.EventDispatchThread.pumpEvents(EventDispatchThread.java:101) ~[?:?]
	at java.awt.EventDispatchThread.run(EventDispatchThread.java:90) ~[?:?]
2024-02-21 01:55:00,833 [WARN] ThirdParty:871 - waiting for thirdparty lock release [close project]
2024-02-21 01:55:00,833 [INFO] ThirdParty:873 - entering critical section [close project]
2024-02-21 01:55:00,833 [INFO] ThirdParty:883 - exiting critical section [close project]
2024-02-21 01:55:00,838 [INFO] PinOutPanel:1499 - setPackage(No Configuration,No Configuration)
2024-02-21 01:55:00,842 [INFO] UtilMem:75 - Begin LoadConfig() Used Memory: 694453448 Bytes (985661440)
2024-02-21 01:55:00,844 [INFO] MicroXplorer:468 - Change Database Path : 
2024-02-21 01:55:00,844 [INFO] MicroXplorer:498 - Change Database Version : DB.6.0.100
2024-02-21 01:55:00,844 [INFO] OpenFileManager:312 - Change cursor
2024-02-21 01:55:00,870 [INFO] RulesReader:64 - Compatibility file has been processed (297 Rules)
2024-02-21 01:55:00,883 [INFO] Mcu:2016 - Initializing MCU STM32L475V(C-E-G)Tx STM32L475VGTx STM32L475VGT6
2024-02-21 01:55:02,704 [INFO] Context:659 - Trying to add GPIOservice into a context  which must be forbidden
2024-02-21 01:55:03,055 [WARN] ModelIntegratedComponent:63 - No mode defined for component null
2024-02-21 01:55:03,055 [WARN] ModelIntegratedComponent:63 - No mode defined for component null
2024-02-21 01:55:03,055 [WARN] ModelIntegratedComponent:63 - No mode defined for component null
2024-02-21 01:55:03,055 [WARN] ModelIntegratedComponent:63 - No mode defined for component null
2024-02-21 01:55:03,055 [WARN] ModelIntegratedComponent:63 - No mode defined for component null
2024-02-21 01:55:03,055 [WARN] ModelIntegratedComponent:63 - No mode defined for component null
2024-02-21 01:55:03,055 [WARN] ModelIntegratedComponent:63 - No mode defined for component null
2024-02-21 01:55:03,055 [WARN] ModelIntegratedComponent:63 - No mode defined for component null
2024-02-21 01:55:03,055 [WARN] ModelIntegratedComponent:63 - No mode defined for component null
2024-02-21 01:55:03,055 [WARN] ModelIntegratedComponent:63 - No mode defined for component null
2024-02-21 01:55:03,055 [WARN] ModelIntegratedComponent:63 - No mode defined for component null
2024-02-21 01:55:03,055 [WARN] ModelIntegratedComponent:63 - No mode defined for component null
2024-02-21 01:55:03,055 [WARN] ModelIntegratedComponent:63 - No mode defined for component null
2024-02-21 01:55:03,055 [WARN] ModelIntegratedComponent:63 - No mode defined for component null
2024-02-21 01:55:03,055 [WARN] ModelIntegratedComponent:63 - No mode defined for component null
2024-02-21 01:55:03,055 [WARN] ModelIntegratedComponent:63 - No mode defined for component null
2024-02-21 01:55:03,055 [WARN] ModelIntegratedComponent:63 - No mode defined for component null
2024-02-21 01:55:03,055 [WARN] ModelIntegratedComponent:63 - No mode defined for component null
2024-02-21 01:55:03,055 [WARN] ModelIntegratedComponent:63 - No mode defined for component null
2024-02-21 01:55:03,055 [WARN] ModelIntegratedComponent:63 - No mode defined for component null
2024-02-21 01:55:03,055 [WARN] ModelIntegratedComponent:63 - No mode defined for component null
2024-02-21 01:55:03,055 [WARN] ModelIntegratedComponent:63 - No mode defined for component null
2024-02-21 01:55:03,055 [WARN] ModelIntegratedComponent:63 - No mode defined for component null
2024-02-21 01:55:03,055 [WARN] ModelIntegratedComponent:63 - No mode defined for component null
2024-02-21 01:55:03,055 [WARN] ModelIntegratedComponent:63 - No mode defined for component null
2024-02-21 01:55:03,055 [WARN] ModelIntegratedComponent:63 - No mode defined for component null
2024-02-21 01:55:03,055 [WARN] ModelIntegratedComponent:63 - No mode defined for component null
2024-02-21 01:55:03,055 [WARN] ModelIntegratedComponent:63 - No mode defined for component null
2024-02-21 01:55:03,055 [WARN] ModelIntegratedComponent:63 - No mode defined for component null
2024-02-21 01:55:03,056 [WARN] ModelIntegratedComponent:63 - No mode defined for component null
2024-02-21 01:55:03,056 [WARN] ModelIntegratedComponent:63 - No mode defined for component null
2024-02-21 01:55:03,056 [WARN] ModelIntegratedComponent:63 - No mode defined for component null
2024-02-21 01:55:03,056 [WARN] ModelIntegratedComponent:63 - No mode defined for component null
2024-02-21 01:55:03,089 [INFO] RtosManager:555 - Registered RTOS mode: class=CMSIS, group=RTOS, mode=CMSIS_V1, owner=FREERTOS
2024-02-21 01:55:03,089 [INFO] RtosManager:555 - Registered RTOS mode: class=CMSIS, group=RTOS2, mode=CMSIS_V2, owner=FREERTOS
2024-02-21 01:55:03,089 [INFO] RtosManager:555 - Registered RTOS mode: class=RTOS, group=Core, mode=CMSIS_V1, owner=FREERTOS
2024-02-21 01:55:03,089 [INFO] RtosManager:555 - Registered RTOS mode: class=RTOS, group=Core, mode=CMSIS_V2, owner=FREERTOS
2024-02-21 01:55:03,089 [WARN] ModelIntegratedComponent:184 - Missing modes for component STMicroelectronics:FreeRTOS:0.0.1:STMicroelectronics:RTOS:FreeRTOS:Core:::10.2.0:
2024-02-21 01:55:03,095 [INFO] ThirdPartyModel:298 - Start build external matchings
2024-02-21 01:55:03,158 [INFO] ThirdPartyModel:316 - End build external matchings
2024-02-21 01:55:03,190 [INFO] ImportTextPane:194 - (OptionalMessage_ERROR) IP (DMA) : Parameter (Instance) has Id (DFSDM1_FLT0) currently not set
2024-02-21 01:55:03,190 [INFO] ImportTextPane:194 - (OptionalMessage_ERROR) IP (DMA) : Parameter (Request) has Id (DFSDM1_FLT0) currently not set
2024-02-21 01:55:03,190 [INFO] ImportTextPane:194 - (OptionalMessage_ERROR) IP (DMA) : Parameter (Direction) has Id (DFSDM1_FLT0) currently not set
2024-02-21 01:55:03,190 [INFO] ImportTextPane:194 - (OptionalMessage_ERROR) IP (DMA) : Parameter (PeriphInc) has Id (DFSDM1_FLT0) currently not set
2024-02-21 01:55:03,190 [INFO] ImportTextPane:194 - (OptionalMessage_ERROR) IP (DMA) : Parameter (MemInc) has Id (DFSDM1_FLT0) currently not set
2024-02-21 01:55:03,190 [INFO] ImportTextPane:194 - (OptionalMessage_ERROR) IP (DMA) : Parameter (PeriphDataAlignment) has Id (DFSDM1_FLT0) currently not set
2024-02-21 01:55:03,191 [INFO] ImportTextPane:194 - (OptionalMessage_ERROR) IP (DMA) : Parameter (MemDataAlignment) has Id (DFSDM1_FLT0) currently not set
2024-02-21 01:55:03,191 [INFO] ImportTextPane:194 - (OptionalMessage_ERROR) IP (DMA) : Parameter (Mode) has Id (DFSDM1_FLT0) currently not set
2024-02-21 01:55:03,191 [INFO] ImportTextPane:194 - (OptionalMessage_ERROR) IP (DMA) : Parameter (Priority) has Id (DFSDM1_FLT0) currently not set
2024-02-21 01:55:03,192 [INFO] ImportTextPane:194 - (OptionalMessage_ERROR) IP (RCC) : Invalid parameter (FamilyName)
2024-02-21 01:55:03,489 [INFO] UtilMem:75 - End LoadConfig() Used Memory: 581628576 Bytes (1021313024)
2024-02-21 01:55:03,570 [INFO] MicroXplorer:468 - Change Database Path : 
2024-02-21 01:55:03,570 [INFO] MicroXplorer:498 - Change Database Version : DB.6.0.100
2024-02-21 01:55:03,570 [WARN] ThirdParty:833 - waiting for thirdparty lock release [change project]
2024-02-21 01:55:03,570 [INFO] ThirdParty:835 - entering critical section [change project]
2024-02-21 01:55:03,570 [INFO] ThirdParty:1030 - CMSIS Pack Vendor :STMicroelectronics USBPD 4.1
2024-02-21 01:55:03,570 [INFO] ThirdParty:1030 - CMSIS Pack Vendor :STMicroelectronics X-CUBE-DISPLAY 3.0.0
2024-02-21 01:55:03,570 [INFO] ThirdParty:1030 - CMSIS Pack Vendor :STMicroelectronics X-CUBE-GNSS1 6.0.0
2024-02-21 01:55:03,570 [INFO] ThirdParty:1030 - CMSIS Pack Vendor :STMicroelectronics USB_HOST 2.0.0
2024-02-21 01:55:03,570 [INFO] ThirdParty:1030 - CMSIS Pack Vendor :STMicroelectronics X-CUBE-AZRTOS-F4 1.1.0
2024-02-21 01:55:03,570 [INFO] ThirdParty:1030 - CMSIS Pack Vendor :STMicroelectronics LIBJPEG 8.0.0
2024-02-21 01:55:03,570 [INFO] ThirdParty:1030 - CMSIS Pack Vendor :STMicroelectronics X-CUBE-BLE1 7.0.0
2024-02-21 01:55:03,570 [INFO] ThirdParty:1030 - CMSIS Pack Vendor :STMicroelectronics FP-ATR-SIGFOX1 3.2.0
2024-02-21 01:55:03,570 [INFO] ThirdParty:1030 - CMSIS Pack Vendor :STMicroelectronics X-CUBE-SMBUS 2.1.0
2024-02-21 01:55:03,570 [INFO] ThirdParty:1030 - CMSIS Pack Vendor :STMicroelectronics USB_DEVICE 3.0.0
2024-02-21 01:55:03,570 [INFO] ThirdParty:1030 - CMSIS Pack Vendor :STMicroelectronics HAL Drivers 0.0.0
2024-02-21 01:55:03,570 [INFO] ThirdParty:1030 - CMSIS Pack Vendor :STMicroelectronics MBEDTLS 2.16.2
2024-02-21 01:55:03,570 [INFO] ThirdParty:1030 - CMSIS Pack Vendor :STMicroelectronics X-CUBE-MEMS1 10.0.0
2024-02-21 01:55:03,570 [INFO] ThirdParty:1030 - CMSIS Pack Vendor :STMicroelectronics X-CUBE-FREERTOS 1.1.0
2024-02-21 01:55:03,570 [INFO] ThirdParty:1030 - CMSIS Pack Vendor :STMicroelectronics X-CUBE-NFC7 1.0.1
2024-02-21 01:55:03,570 [INFO] ThirdParty:1030 - CMSIS Pack Vendor :STMicroelectronics MBEDTLS 2.14.1
2024-02-21 01:55:03,570 [INFO] ThirdParty:1030 - CMSIS Pack Vendor :STMicroelectronics X-CUBE-AZRTOS-L5 2.0.0
2024-02-21 01:55:03,570 [INFO] ThirdParty:1030 - CMSIS Pack Vendor :STMicroelectronics X-CUBE-NFC6 3.0.0
2024-02-21 01:55:03,570 [INFO] ThirdParty:1030 - CMSIS Pack Vendor :STMicroelectronics X-CUBE-ALS 1.0.1
2024-02-21 01:55:03,570 [INFO] ThirdParty:1030 - CMSIS Pack Vendor :STMicroelectronics USB_DEVICE 2.0.0
2024-02-21 01:55:03,570 [INFO] ThirdParty:1030 - CMSIS Pack Vendor :STMicroelectronics ThreadX 1.0.0
2024-02-21 01:55:03,570 [INFO] ThirdParty:1030 - CMSIS Pack Vendor :STMicroelectronics FP-SNS-SMARTAG2 1.2.0
2024-02-21 01:55:03,570 [INFO] ThirdParty:1030 - CMSIS Pack Vendor :STMicroelectronics FP-SNS-MOTENV1 4.3.2
2024-02-21 01:55:03,570 [INFO] ThirdParty:1030 - CMSIS Pack Vendor :STMicroelectronics X-CUBE-AZRTOS-WL 2.0.0
2024-02-21 01:55:03,570 [INFO] ThirdParty:1030 - CMSIS Pack Vendor :STMicroelectronics X-CUBE-ALGOBUILD 1.3.0
2024-02-21 01:55:03,570 [INFO] ThirdParty:1030 - CMSIS Pack Vendor :STMicroelectronics FreeRTOS 0.0.1
2024-02-21 01:55:03,570 [INFO] ThirdParty:1030 - CMSIS Pack Vendor :STMicroelectronics X-CUBE-AZRTOS-G0 1.1.0
2024-02-21 01:55:03,570 [INFO] ThirdParty:1030 - CMSIS Pack Vendor :STMicroelectronics USB_DEVICE 1.0.0
2024-02-21 01:55:03,570 [INFO] ThirdParty:1030 - CMSIS Pack Vendor :STMicroelectronics X-CUBE-AI 8.1.0
2024-02-21 01:55:03,570 [INFO] ThirdParty:1030 - CMSIS Pack Vendor :STMicroelectronics X-CUBE-NFC4 3.0.0
2024-02-21 01:55:03,571 [INFO] ThirdParty:1030 - CMSIS Pack Vendor :STMicroelectronics X-CUBE-SUBG2 5.0.0
2024-02-21 01:55:03,571 [INFO] ThirdParty:1030 - CMSIS Pack Vendor :STMicroelectronics STM32_WPAN 1.0.0
2024-02-21 01:55:03,571 [INFO] ThirdParty:1030 - CMSIS Pack Vendor :STMicroelectronics X-CUBE-AZRTOS-L4 2.0.0
2024-02-21 01:55:03,571 [INFO] ThirdParty:1030 - CMSIS Pack Vendor :STMicroelectronics ThreadX 0.0.2
2024-02-21 01:55:03,571 [INFO] ThirdParty:1030 - CMSIS Pack Vendor :STMicroelectronics FP-ATR-ASTRA1 2.0.0
2024-02-21 01:55:03,571 [INFO] ThirdParty:1030 - CMSIS Pack Vendor :STMicroelectronics lwIP 2.0.3
2024-02-21 01:55:03,571 [INFO] ThirdParty:1030 - CMSIS Pack Vendor :STMicroelectronics lwIP 2.1.2
2024-02-21 01:55:03,571 [INFO] ThirdParty:1030 - CMSIS Pack Vendor :STMicroelectronics X-CUBE-SFXS2LP1 4.0.0
2024-02-21 01:55:03,571 [INFO] ThirdParty:1030 - CMSIS Pack Vendor :STMicroelectronics FP-SNS-FLIGHT1 5.0.2
2024-02-21 01:55:03,571 [INFO] ThirdParty:1030 - CMSIS Pack Vendor :STMicroelectronics X-CUBE-BLE2 3.3.0
2024-02-21 01:55:03,571 [INFO] ThirdParty:1030 - CMSIS Pack Vendor :STMicroelectronics USB_HOST 1.0.0
2024-02-21 01:55:03,571 [INFO] ThirdParty:1030 - CMSIS Pack Vendor :STMicroelectronics X-CUBE-AZRTOS-G4 2.0.0
2024-02-21 01:55:03,571 [INFO] ThirdParty:1030 - CMSIS Pack Vendor :STMicroelectronics PDM2PCM 3.1.0
2024-02-21 01:55:03,571 [INFO] ThirdParty:1030 - CMSIS Pack Vendor :STMicroelectronics PDM2PCM 3.2.0
2024-02-21 01:55:03,571 [INFO] ThirdParty:1030 - CMSIS Pack Vendor :STMicroelectronics PDM2PCM 3.3.0
2024-02-21 01:55:03,571 [INFO] ThirdParty:841 - exiting critical section [change project]
2024-02-21 01:55:03,687 [INFO] PinOutPanel:1499 - setPackage(No Configuration,No Configuration)
2024-02-21 01:55:03,688 [INFO] PinOutPanel:1499 - setPackage(STM32L475VGTx,LQFP100)
2024-02-21 01:55:03,867 [INFO] UtilMem:75 - Before build in PCC Used Memory: 768871944 Bytes (1021313024)
2024-02-21 01:55:04,043 [INFO] UtilMem:75 - After build in PCC Used Memory: 848047640 Bytes (1021313024)
2024-02-21 01:55:04,071 [INFO] IPUIPlugin:80 - create IPUIPlugin
2024-02-21 01:55:04,071 [INFO] IPUIPlugin:80 - create IPUIPlugin
2024-02-21 01:55:04,071 [INFO] IPUIPlugin:80 - create IPUIPlugin
2024-02-21 01:55:04,071 [INFO] IPUIPlugin:80 - create IPUIPlugin
2024-02-21 01:55:04,071 [INFO] IPUIPlugin:80 - create IPUIPlugin
2024-02-21 01:55:04,071 [INFO] IPUIPlugin:80 - create IPUIPlugin
2024-02-21 01:55:04,071 [INFO] IPUIPlugin:80 - create IPUIPlugin
2024-02-21 01:55:04,071 [INFO] IPUIPlugin:80 - create IPUIPlugin
2024-02-21 01:55:04,072 [INFO] IPUIPlugin:80 - create IPUIPlugin
2024-02-21 01:55:04,072 [INFO] IPUIPlugin:80 - create IPUIPlugin
2024-02-21 01:55:04,072 [INFO] IPUIPlugin:80 - create IPUIPlugin
2024-02-21 01:55:04,072 [INFO] IPUIPlugin:80 - create IPUIPlugin
2024-02-21 01:55:04,072 [INFO] IPUIPlugin:80 - create IPUIPlugin
2024-02-21 01:55:04,072 [INFO] IPUIPlugin:80 - create IPUIPlugin
2024-02-21 01:55:04,072 [INFO] IPUIPlugin:80 - create IPUIPlugin
2024-02-21 01:55:04,072 [INFO] IPUIPlugin:80 - create IPUIPlugin
2024-02-21 01:55:04,072 [INFO] IPUIPlugin:80 - create IPUIPlugin
2024-02-21 01:55:04,072 [INFO] IPUIPlugin:80 - create IPUIPlugin
2024-02-21 01:55:04,072 [INFO] IPUIPlugin:80 - create IPUIPlugin
2024-02-21 01:55:04,072 [INFO] IPUIPlugin:80 - create IPUIPlugin
2024-02-21 01:55:04,072 [INFO] IPUIPlugin:80 - create IPUIPlugin
2024-02-21 01:55:04,072 [INFO] IPUIPlugin:80 - create IPUIPlugin
2024-02-21 01:55:04,072 [INFO] IPUIPlugin:80 - create IPUIPlugin
2024-02-21 01:55:04,072 [INFO] IPUIPlugin:80 - create IPUIPlugin
2024-02-21 01:55:04,072 [INFO] IPUIPlugin:80 - create IPUIPlugin
2024-02-21 01:55:04,072 [INFO] IPUIPlugin:80 - create IPUIPlugin
2024-02-21 01:55:04,072 [INFO] IPUIPlugin:80 - create IPUIPlugin
2024-02-21 01:55:04,073 [INFO] IPUIPlugin:80 - create IPUIPlugin
2024-02-21 01:55:04,073 [INFO] IPUIPlugin:80 - create IPUIPlugin
2024-02-21 01:55:04,073 [INFO] IPUIPlugin:80 - create IPUIPlugin
2024-02-21 01:55:04,073 [INFO] IPUIPlugin:80 - create IPUIPlugin
2024-02-21 01:55:04,073 [INFO] IPUIPlugin:80 - create IPUIPlugin
2024-02-21 01:55:04,073 [INFO] IPUIPlugin:80 - create IPUIPlugin
2024-02-21 01:55:04,073 [INFO] IPUIPlugin:80 - create IPUIPlugin
2024-02-21 01:55:04,073 [INFO] IPUIPlugin:80 - create IPUIPlugin
2024-02-21 01:55:04,073 [INFO] IPUIPlugin:80 - create IPUIPlugin
2024-02-21 01:55:04,073 [INFO] IPUIPlugin:80 - create IPUIPlugin
2024-02-21 01:55:04,074 [INFO] IPUIPlugin:80 - create IPUIPlugin
2024-02-21 01:55:04,074 [INFO] IPUIPlugin:80 - create IPUIPlugin
2024-02-21 01:55:04,074 [INFO] IPUIPlugin:80 - create IPUIPlugin
2024-02-21 01:55:04,074 [INFO] IPUIPlugin:80 - create IPUIPlugin
2024-02-21 01:55:04,074 [INFO] IPUIPlugin:80 - create IPUIPlugin
2024-02-21 01:55:04,074 [INFO] IPUIPlugin:80 - create IPUIPlugin
2024-02-21 01:55:04,074 [INFO] IPUIPlugin:80 - create IPUIPlugin
2024-02-21 01:55:04,074 [INFO] IPUIPlugin:80 - create IPUIPlugin
2024-02-21 01:55:04,074 [INFO] IPUIPlugin:80 - create IPUIPlugin
2024-02-21 01:55:04,074 [INFO] IPUIPlugin:80 - create IPUIPlugin
2024-02-21 01:55:04,074 [INFO] IPUIPlugin:80 - create IPUIPlugin
2024-02-21 01:55:04,075 [INFO] IPUIPlugin:80 - create IPUIPlugin
2024-02-21 01:55:04,075 [INFO] IPUIPlugin:80 - create IPUIPlugin
2024-02-21 01:55:04,075 [INFO] IPUIPlugin:80 - create IPUIPlugin
2024-02-21 01:55:04,075 [INFO] IPUIPlugin:80 - create IPUIPlugin
2024-02-21 01:55:04,075 [INFO] IPUIPlugin:80 - create IPUIPlugin
2024-02-21 01:55:04,075 [INFO] IPUIPlugin:80 - create IPUIPlugin
2024-02-21 01:55:04,075 [INFO] IPUIPlugin:80 - create IPUIPlugin
2024-02-21 01:55:04,075 [INFO] IPUIPlugin:80 - create IPUIPlugin
2024-02-21 01:55:04,076 [INFO] IPUIPlugin:80 - create IPUIPlugin
2024-02-21 01:55:04,076 [INFO] IPUIPlugin:80 - create IPUIPlugin
2024-02-21 01:55:04,076 [INFO] IPUIPlugin:80 - create IPUIPlugin
2024-02-21 01:55:04,139 [INFO] CADModel:165 - CPN selected for project levelSTM32L475VGT6
2024-02-21 01:55:04,139 [INFO] CADModel:114 - Register for checkConnection events
2024-02-21 01:55:04,195 [INFO] OpenFileManager:343 - Restore cursor
2024-02-21 01:55:04,604 [INFO] UtilMem:75 - End SaveConfig() Used Memory: 670892680 Bytes (1021313024)
2024-02-21 01:55:04,701 [INFO] UtilMem:75 - End SaveConfig() Used Memory: 688379016 Bytes (1021313024)
2024-02-21 01:55:04,864 [INFO] BlockDiagram:2759 - set Specific Code input for plugin: SPI
2024-02-21 01:55:04,864 [INFO] BlockDiagram:2759 - set Specific Code input for plugin: DFSDM
2024-02-21 01:55:04,864 [INFO] BlockDiagram:2759 - set Specific Code input for plugin: SYS
2024-02-21 01:55:04,865 [INFO] BlockDiagram:2759 - set Specific Code input for plugin: RCC
2024-02-21 01:55:04,865 [INFO] BlockDiagram:2759 - set Specific Code input for plugin: I2C
2024-02-21 01:55:04,865 [INFO] BlockDiagram:2759 - set Specific Code input for plugin: USB_OTG_FS
2024-02-21 01:55:04,865 [INFO] BlockDiagram:2759 - set Specific Code input for plugin: NVIC
2024-02-21 01:55:04,865 [INFO] BlockDiagram:2759 - set Specific Code input for plugin: USART
2024-02-21 01:55:04,865 [INFO] BlockDiagram:2759 - set Specific Code input for plugin: USART
2024-02-21 01:55:04,865 [INFO] BlockDiagram:2759 - set Specific Code input for plugin: DMA
2024-02-21 01:55:04,865 [INFO] BlockDiagram:2759 - set Specific Code input for plugin: GPIO
2024-02-21 01:55:04,865 [INFO] BlockDiagram:2759 - set Specific Code input for plugin: QUADSPI
2024-02-21 01:55:04,866 [INFO] CodeGenerator:807 - code generatio: config db path: C:\ST\STM32CubeIDE_1.14.0\STM32CubeIDE\plugins\com.st.stm32cube.common.mx_6.10.0.202311202037\\db\
2024-02-21 01:55:04,970 [INFO] Argument:325 - Argument : hdmavalue: null
2024-02-21 01:55:04,970 [INFO] Argument:327 - 	 sub Args: 
2024-02-21 01:55:04,970 [INFO] Argument:325 - Argument : Instancevalue: DMA1_Channel4
2024-02-21 01:55:04,970 [INFO] Argument:335 - Argument : Instancevalue: DMA1_Channel4
2024-02-21 01:55:04,971 [INFO] Argument:325 - Argument : Initvalue: null
2024-02-21 01:55:04,971 [INFO] Argument:327 - 	 sub Args: 
2024-02-21 01:55:04,971 [INFO] Argument:325 - Argument : Requestvalue: DMA_REQUEST_0
2024-02-21 01:55:04,971 [INFO] Argument:335 - Argument : Requestvalue: DMA_REQUEST_0
2024-02-21 01:55:04,971 [INFO] Argument:325 - Argument : Directionvalue: DMA_PERIPH_TO_MEMORY
2024-02-21 01:55:04,971 [INFO] Argument:335 - Argument : Directionvalue: DMA_PERIPH_TO_MEMORY
2024-02-21 01:55:04,971 [INFO] Argument:325 - Argument : PeriphIncvalue: DMA_PINC_DISABLE
2024-02-21 01:55:04,971 [INFO] Argument:335 - Argument : PeriphIncvalue: DMA_PINC_DISABLE
2024-02-21 01:55:04,971 [INFO] Argument:325 - Argument : MemIncvalue: DMA_MINC_ENABLE
2024-02-21 01:55:04,971 [INFO] Argument:335 - Argument : MemIncvalue: DMA_MINC_ENABLE
2024-02-21 01:55:04,971 [INFO] Argument:325 - Argument : PeriphDataAlignmentvalue: DMA_PDATAALIGN_WORD
2024-02-21 01:55:04,971 [INFO] Argument:335 - Argument : PeriphDataAlignmentvalue: DMA_PDATAALIGN_WORD
2024-02-21 01:55:04,971 [INFO] Argument:325 - Argument : MemDataAlignmentvalue: DMA_MDATAALIGN_WORD
2024-02-21 01:55:04,971 [INFO] Argument:335 - Argument : MemDataAlignmentvalue: DMA_MDATAALIGN_WORD
2024-02-21 01:55:04,971 [INFO] Argument:325 - Argument : Modevalue: DMA_CIRCULAR
2024-02-21 01:55:04,971 [INFO] Argument:335 - Argument : Modevalue: DMA_CIRCULAR
2024-02-21 01:55:04,971 [INFO] Argument:325 - Argument : Priorityvalue: DMA_PRIORITY_LOW
2024-02-21 01:55:04,971 [INFO] Argument:335 - Argument : Priorityvalue: DMA_PRIORITY_LOW
2024-02-21 01:55:04,971 [INFO] Argument:325 - Argument : Lockvalue: null
2024-02-21 01:55:04,971 [INFO] Argument:335 - Argument : Lockvalue: null
2024-02-21 01:55:04,971 [INFO] Argument:325 - Argument : Statevalue: null
2024-02-21 01:55:04,971 [INFO] Argument:335 - Argument : Statevalue: null
2024-02-21 01:55:04,971 [INFO] Argument:325 - Argument : Parentvalue: null
2024-02-21 01:55:04,971 [INFO] Argument:335 - Argument : Parentvalue: null
2024-02-21 01:55:04,971 [INFO] Argument:325 - Argument : XferCpltCallbackvalue: null
2024-02-21 01:55:04,971 [INFO] Argument:335 - Argument : XferCpltCallbackvalue: null
2024-02-21 01:55:04,971 [INFO] Argument:325 - Argument : XferHalfCpltCallbackvalue: null
2024-02-21 01:55:04,971 [INFO] Argument:335 - Argument : XferHalfCpltCallbackvalue: null
2024-02-21 01:55:04,971 [INFO] Argument:325 - Argument : XferErrorCallbackvalue: null
2024-02-21 01:55:04,971 [INFO] Argument:335 - Argument : XferErrorCallbackvalue: null
2024-02-21 01:55:04,971 [INFO] Argument:325 - Argument : XferAbortCallbackvalue: null
2024-02-21 01:55:04,971 [INFO] Argument:335 - Argument : XferAbortCallbackvalue: null
2024-02-21 01:55:04,971 [INFO] Argument:325 - Argument : ErrorCodevalue: null
2024-02-21 01:55:04,971 [INFO] Argument:335 - Argument : ErrorCodevalue: null
2024-02-21 01:55:04,971 [INFO] Argument:325 - Argument : DmaBaseAddressvalue: null
2024-02-21 01:55:04,971 [INFO] Argument:335 - Argument : DmaBaseAddressvalue: null
2024-02-21 01:55:04,971 [INFO] Argument:325 - Argument : ChannelIndexvalue: null
2024-02-21 01:55:04,971 [INFO] Argument:335 - Argument : ChannelIndexvalue: null
2024-02-21 01:55:04,972 [INFO] Argument:325 - Argument : hdmavalue: null
2024-02-21 01:55:04,972 [INFO] Argument:327 - 	 sub Args: 
2024-02-21 01:55:04,972 [INFO] Argument:325 - Argument : Instancevalue: DMA1_Channel4
2024-02-21 01:55:04,972 [INFO] Argument:335 - Argument : Instancevalue: DMA1_Channel4
2024-02-21 01:55:04,972 [INFO] Argument:325 - Argument : Initvalue: null
2024-02-21 01:55:04,972 [INFO] Argument:327 - 	 sub Args: 
2024-02-21 01:55:04,972 [INFO] Argument:325 - Argument : Requestvalue: DMA_REQUEST_0
2024-02-21 01:55:04,972 [INFO] Argument:335 - Argument : Requestvalue: DMA_REQUEST_0
2024-02-21 01:55:04,972 [INFO] Argument:325 - Argument : Directionvalue: DMA_PERIPH_TO_MEMORY
2024-02-21 01:55:04,972 [INFO] Argument:335 - Argument : Directionvalue: DMA_PERIPH_TO_MEMORY
2024-02-21 01:55:04,972 [INFO] Argument:325 - Argument : PeriphIncvalue: DMA_PINC_DISABLE
2024-02-21 01:55:04,972 [INFO] Argument:335 - Argument : PeriphIncvalue: DMA_PINC_DISABLE
2024-02-21 01:55:04,972 [INFO] Argument:325 - Argument : MemIncvalue: DMA_MINC_ENABLE
2024-02-21 01:55:04,972 [INFO] Argument:335 - Argument : MemIncvalue: DMA_MINC_ENABLE
2024-02-21 01:55:04,972 [INFO] Argument:325 - Argument : PeriphDataAlignmentvalue: DMA_PDATAALIGN_WORD
2024-02-21 01:55:04,972 [INFO] Argument:335 - Argument : PeriphDataAlignmentvalue: DMA_PDATAALIGN_WORD
2024-02-21 01:55:04,972 [INFO] Argument:325 - Argument : MemDataAlignmentvalue: DMA_MDATAALIGN_WORD
2024-02-21 01:55:04,972 [INFO] Argument:335 - Argument : MemDataAlignmentvalue: DMA_MDATAALIGN_WORD
2024-02-21 01:55:04,972 [INFO] Argument:325 - Argument : Modevalue: DMA_CIRCULAR
2024-02-21 01:55:04,972 [INFO] Argument:335 - Argument : Modevalue: DMA_CIRCULAR
2024-02-21 01:55:04,972 [INFO] Argument:325 - Argument : Priorityvalue: DMA_PRIORITY_LOW
2024-02-21 01:55:04,972 [INFO] Argument:335 - Argument : Priorityvalue: DMA_PRIORITY_LOW
2024-02-21 01:55:04,972 [INFO] Argument:325 - Argument : Lockvalue: null
2024-02-21 01:55:04,972 [INFO] Argument:335 - Argument : Lockvalue: null
2024-02-21 01:55:04,972 [INFO] Argument:325 - Argument : Statevalue: null
2024-02-21 01:55:04,972 [INFO] Argument:335 - Argument : Statevalue: null
2024-02-21 01:55:04,972 [INFO] Argument:325 - Argument : Parentvalue: null
2024-02-21 01:55:04,972 [INFO] Argument:335 - Argument : Parentvalue: null
2024-02-21 01:55:04,972 [INFO] Argument:325 - Argument : XferCpltCallbackvalue: null
2024-02-21 01:55:04,972 [INFO] Argument:335 - Argument : XferCpltCallbackvalue: null
2024-02-21 01:55:04,972 [INFO] Argument:325 - Argument : XferHalfCpltCallbackvalue: null
2024-02-21 01:55:04,972 [INFO] Argument:335 - Argument : XferHalfCpltCallbackvalue: null
2024-02-21 01:55:04,972 [INFO] Argument:325 - Argument : XferErrorCallbackvalue: null
2024-02-21 01:55:04,972 [INFO] Argument:335 - Argument : XferErrorCallbackvalue: null
2024-02-21 01:55:04,972 [INFO] Argument:325 - Argument : XferAbortCallbackvalue: null
2024-02-21 01:55:04,972 [INFO] Argument:335 - Argument : XferAbortCallbackvalue: null
2024-02-21 01:55:04,972 [INFO] Argument:325 - Argument : ErrorCodevalue: null
2024-02-21 01:55:04,972 [INFO] Argument:335 - Argument : ErrorCodevalue: null
2024-02-21 01:55:04,972 [INFO] Argument:325 - Argument : DmaBaseAddressvalue: null
2024-02-21 01:55:04,972 [INFO] Argument:335 - Argument : DmaBaseAddressvalue: null
2024-02-21 01:55:04,972 [INFO] Argument:325 - Argument : ChannelIndexvalue: null
2024-02-21 01:55:04,972 [INFO] Argument:335 - Argument : ChannelIndexvalue: null
2024-02-21 01:55:04,972 [INFO] Argument:325 - Argument : pSyncConfigvalue: null
2024-02-21 01:55:04,972 [INFO] Argument:327 - 	 sub Args: 
2024-02-21 01:55:04,973 [INFO] Argument:325 - Argument : SyncSignalIDvalue: null
2024-02-21 01:55:04,973 [INFO] Argument:335 - Argument : SyncSignalIDvalue: null
2024-02-21 01:55:04,973 [INFO] Argument:325 - Argument : SyncPolarityvalue: null
2024-02-21 01:55:04,973 [INFO] Argument:335 - Argument : SyncPolarityvalue: null
2024-02-21 01:55:04,973 [INFO] Argument:325 - Argument : SyncEnablevalue: null
2024-02-21 01:55:04,973 [INFO] Argument:335 - Argument : SyncEnablevalue: null
2024-02-21 01:55:04,973 [INFO] Argument:325 - Argument : EventEnablevalue: null
2024-02-21 01:55:04,973 [INFO] Argument:335 - Argument : EventEnablevalue: null
2024-02-21 01:55:04,973 [INFO] Argument:325 - Argument : RequestNumbervalue: null
2024-02-21 01:55:04,973 [INFO] Argument:335 - Argument : RequestNumbervalue: null
2024-02-21 01:55:05,148 [INFO] CodeEngine:255 - oldGeneratedFile, C:\Users\Siraj\STM32CubeIDE\workspace_1.14.0\STM32_DFSDM_T2\MXTmpFiles\license.tmp_save
2024-02-21 01:55:05,233 [INFO] CodeEngine:279 - Generated code: C:\Users\Siraj\STM32CubeIDE\workspace_1.14.0\STM32_DFSDM_T2\MXTmpFiles\license.tmp
2024-02-21 01:55:05,393 [INFO] CodeEngine:255 - oldGeneratedFile, C:\Users\Siraj\STM32CubeIDE\workspace_1.14.0\STM32_DFSDM_T2\MXTmpFiles\gpio.tmp_save
2024-02-21 01:55:05,498 [INFO] CodeEngine:279 - Generated code: C:\Users\Siraj\STM32CubeIDE\workspace_1.14.0\STM32_DFSDM_T2\MXTmpFiles\gpio.tmp
2024-02-21 01:55:06,855 [WARN] IPConfigManager:2946 - Warning: the RefConfig PWREx_EnableUSBVoltageDetector is not available in your config.xml file
2024-02-21 01:55:06,975 [INFO] CodeEngine:255 - oldGeneratedFile, C:\Users\Siraj\STM32CubeIDE\workspace_1.14.0\STM32_DFSDM_T2\MXTmpFiles\dma.tmp_save
2024-02-21 01:55:07,096 [INFO] CodeEngine:279 - Generated code: C:\Users\Siraj\STM32CubeIDE\workspace_1.14.0\STM32_DFSDM_T2\MXTmpFiles\dma.tmp
2024-02-21 01:55:07,112 [INFO] CodeEngine:255 - oldGeneratedFile, C:\Users\Siraj\STM32CubeIDE\workspace_1.14.0\STM32_DFSDM_T2\MXTmpFiles\dma_GV.tmp_save
2024-02-21 01:55:07,160 [INFO] CodeEngine:279 - Generated code: C:\Users\Siraj\STM32CubeIDE\workspace_1.14.0\STM32_DFSDM_T2\MXTmpFiles\dma_GV.tmp
2024-02-21 01:55:07,189 [INFO] CodeEngine:255 - oldGeneratedFile, C:\Users\Siraj\STM32CubeIDE\workspace_1.14.0\STM32_DFSDM_T2\Core\Src\stm32l4xx_it.c_save
2024-02-21 01:55:07,340 [INFO] CodeEngine:279 - Generated code: C:\Users\Siraj\STM32CubeIDE\workspace_1.14.0\STM32_DFSDM_T2\Core\Src\stm32l4xx_it.c
2024-02-21 01:55:07,348 [INFO] CodeEngine:255 - oldGeneratedFile, C:\Users\Siraj\STM32CubeIDE\workspace_1.14.0\STM32_DFSDM_T2\Core\Inc\stm32l4xx_it.h_save
2024-02-21 01:55:07,419 [INFO] CodeEngine:279 - Generated code: C:\Users\Siraj\STM32CubeIDE\workspace_1.14.0\STM32_DFSDM_T2\Core\Inc\stm32l4xx_it.h
2024-02-21 01:55:07,433 [INFO] CodeEngine:255 - oldGeneratedFile, C:\Users\Siraj\STM32CubeIDE\workspace_1.14.0\STM32_DFSDM_T2\Core\Src\stm32l4xx_hal_msp.c_save
2024-02-21 01:55:07,560 [INFO] CodeEngine:279 - Generated code: C:\Users\Siraj\STM32CubeIDE\workspace_1.14.0\STM32_DFSDM_T2\Core\Src\stm32l4xx_hal_msp.c
2024-02-21 01:55:07,588 [INFO] CodeEngine:255 - oldGeneratedFile, C:\Users\Siraj\STM32CubeIDE\workspace_1.14.0\STM32_DFSDM_T2\MXTmpFiles\system.tmp_save
2024-02-21 01:55:07,646 [INFO] CodeEngine:279 - Generated code: C:\Users\Siraj\STM32CubeIDE\workspace_1.14.0\STM32_DFSDM_T2\MXTmpFiles\system.tmp
2024-02-21 01:55:07,660 [INFO] CodeEngine:311 - oldGeneratedFile, C:\Users\Siraj\STM32CubeIDE\workspace_1.14.0\STM32_DFSDM_T2\Core\Inc\stm32l4xx_hal_conf.h_save
2024-02-21 01:55:07,787 [INFO] CodeEngine:335 - Generated code: C:\Users\Siraj\STM32CubeIDE\workspace_1.14.0\STM32_DFSDM_T2\Core\Inc\stm32l4xx_hal_conf.h
2024-02-21 01:55:07,821 [WARN] IPConfigManager:3440 - IP not found : USB_OTG
2024-02-21 01:55:07,822 [WARN] CodeGenerator:3939 - IP not found : null
2024-02-21 01:55:07,835 [INFO] CodeEngine:255 - oldGeneratedFile, C:\Users\Siraj\STM32CubeIDE\workspace_1.14.0\STM32_DFSDM_T2\Core\Inc\main.h_save
2024-02-21 01:55:07,960 [INFO] CodeEngine:279 - Generated code: C:\Users\Siraj\STM32CubeIDE\workspace_1.14.0\STM32_DFSDM_T2\Core\Inc\main.h
2024-02-21 01:55:07,988 [INFO] CodeEngine:255 - oldGeneratedFile, C:\Users\Siraj\STM32CubeIDE\workspace_1.14.0\STM32_DFSDM_T2\Core\Src\main.c_save
2024-02-21 01:55:08,104 [INFO] CodeEngine:279 - Generated code: C:\Users\Siraj\STM32CubeIDE\workspace_1.14.0\STM32_DFSDM_T2\Core\Src\main.c
2024-02-21 01:55:08,700 [INFO] ProjectBuilder:3076 - Time for Copy HAL[1] : 274mS.
2024-02-21 01:55:08,700 [INFO] ProjectBuilder:4485 - Project Generator version: 4.2.0-B44
2024-02-21 01:55:08,810 [INFO] ConfigFileManager:1495 - The Die is : DIE415
2024-02-21 01:55:08,826 [INFO] ApiDbMcu:508 - Load IP Config File for FATFS
2024-02-21 01:55:08,826 [INFO] ApiDbMcu:508 - Load IP Config File for FREERTOS
2024-02-21 01:55:08,845 [INFO] ApiDbMcu:508 - Load IP Config File for TOUCHSENSING
2024-02-21 01:55:08,859 [INFO] ApiDbMcu:508 - Load IP Config File for USB_DEVICE
2024-02-21 01:55:08,868 [INFO] ApiDbMcu:508 - Load IP Config File for USB_HOST
2024-02-21 01:55:11,387 [INFO] ProjectBuilder:4747 - Time for Generating toolchain IDE Files: 2687mS.
2024-02-21 01:55:11,389 [INFO] ProjectBuilder:2947 - Time for Copy CMSIS : 1mS.
2024-02-21 01:55:11,391 [INFO] ProjectBuilder:2947 - Time for Copy CMSIS : 0mS.
2024-02-21 01:55:11,972 [INFO] McuFinderGlobals:76 - Set McuFinderConnectedMode to true
2024-02-21 01:55:12,411 [INFO] ApiDb:448 - Save user favorites file C:\Users\Siraj/.stm32cubeide/favorites.mcus.txt: 0 item(s)
2024-02-21 01:55:12,412 [INFO] ApiDb:452 - User favorites MCUs=[]
