2024-05-29 13:27:05,155 [ERROR] LogOutputStream:75 - [STDERR_REDIRECT] 
2024-05-29 13:27:30,640 [INFO] Activator:176 - 


2024-05-29 13:27:30,640 [INFO] Activator:177 - !SESSION log4j initialized
2024-05-29 13:27:37,490 [INFO] LogOutputStream:77 - [STDOUT_REDIRECT] 
2024-05-29 13:27:38,810 [INFO] ApplicationProperties:184 - Using Application install path: C:\ST\STM32CubeIDE_1.14.0\STM32CubeIDE\plugins\com.st.stm32cube.common.mx_6.10.0.202311202037
2024-05-29 13:27:38,822 [INFO] DbMcusXml:78 - Set database path to: C:\ST\STM32CubeIDE_1.14.0\STM32CubeIDE\plugins\com.st.stm32cube.common.mx_6.10.0.202311202037\\db\/mcu/
2024-05-29 13:27:38,823 [INFO] ApiDb:274 - Set plugin database path to: C:\ST\STM32CubeIDE_1.14.0\STM32CubeIDE\plugins\com.st.stm32cube.common.mx_6.10.0.202311202037\\db\/plugins/boardmanager/
2024-05-29 13:27:38,823 [WARN] ApiDb:259 - Overriding images path with different value:  => C:\ST\STM32CubeIDE_1.14.0\STM32CubeIDE\plugins\com.st.stm32cube.common.mx_6.10.0.202311202037\\db\/plugins/mcufinder/images/
2024-05-29 13:27:38,827 [INFO] ApiDb:250 - Set database path to: C:\Users\Siraj\.stmcufinder\plugins\mcufinder//mcu/
2024-05-29 13:27:38,828 [INFO] DbMcusAds:125 - Set database path to: C:\Users\Siraj\.stmcufinder\plugins\mcufinder//mcu/
2024-05-29 13:27:38,830 [INFO] CrossReferenceDbSqlite:203 - Set database path to: C:\Users\Siraj\.stmcufinder\plugins\mcufinder//mcu/cs/
2024-05-29 13:27:38,924 [INFO] RulesReader:64 - Compatibility file has been processed (297 Rules)
2024-05-29 13:27:38,984 [INFO] DbMcusXml:78 - Set database path to: C:\ST\STM32CubeIDE_1.14.0\STM32CubeIDE\plugins\com.st.stm32cube.common.mx_6.10.0.202311202037\\db\/mcu/
2024-05-29 13:27:38,984 [INFO] ApiDb:274 - Set plugin database path to: C:\ST\STM32CubeIDE_1.14.0\STM32CubeIDE\plugins\com.st.stm32cube.common.mx_6.10.0.202311202037\\db\/plugins/boardmanager/
2024-05-29 13:27:38,984 [INFO] ApiDb:261 - Set plugin images path to: C:\ST\STM32CubeIDE_1.14.0\STM32CubeIDE\plugins\com.st.stm32cube.common.mx_6.10.0.202311202037\\db\/plugins/mcufinder/images/
2024-05-29 13:27:38,985 [WARN] DbFile:41 - Overriding database path with different value: C:\Users\Siraj\.stmcufinder\plugins\mcufinder/ => C:\Users\Siraj\.stmcufinder\plugins\mcufinder
2024-05-29 13:27:38,985 [INFO] ApiDb:250 - Set database path to: C:\Users\Siraj\.stmcufinder\plugins\mcufinder//mcu/
2024-05-29 13:27:38,985 [WARN] DbFile:41 - Overriding database path with different value: C:\Users\Siraj\.stmcufinder\plugins\mcufinder/ => C:\Users\Siraj\.stmcufinder\plugins\mcufinder
2024-05-29 13:27:38,985 [INFO] DbMcusAds:125 - Set database path to: C:\Users\Siraj\.stmcufinder\plugins\mcufinder//mcu/
2024-05-29 13:27:38,985 [WARN] DbFile:41 - Overriding database path with different value: C:\Users\Siraj\.stmcufinder\plugins\mcufinder/ => C:\Users\Siraj\.stmcufinder\plugins\mcufinder
2024-05-29 13:27:38,985 [WARN] DbFile:41 - Overriding database path with different value: C:\Users\Siraj\.stmcufinder\plugins\mcufinder/ => C:\Users\Siraj\.stmcufinder\plugins\mcufinder
2024-05-29 13:27:38,985 [INFO] CrossReferenceDbSqlite:203 - Set database path to: C:\Users\Siraj\.stmcufinder\plugins\mcufinder//mcu/cs/
2024-05-29 13:27:39,042 [INFO] MainPanel:264 - HeapMemory: 268435456
2024-05-29 13:27:39,099 [INFO] DbMcusXml:78 - Set database path to: C:\ST\STM32CubeIDE_1.14.0\STM32CubeIDE\plugins\com.st.stm32cube.common.mx_6.10.0.202311202037\\db\/mcu/
2024-05-29 13:27:39,099 [INFO] ApiDb:274 - Set plugin database path to: C:\ST\STM32CubeIDE_1.14.0\STM32CubeIDE\plugins\com.st.stm32cube.common.mx_6.10.0.202311202037\\db\/plugins/boardmanager/
2024-05-29 13:27:39,099 [INFO] ApiDb:261 - Set plugin images path to: C:\ST\STM32CubeIDE_1.14.0\STM32CubeIDE\plugins\com.st.stm32cube.common.mx_6.10.0.202311202037\\db\/plugins/mcufinder/images/
2024-05-29 13:27:39,099 [WARN] DbFile:41 - Overriding database path with different value: C:\Users\Siraj\.stmcufinder\plugins\mcufinder/ => C:\Users\Siraj\.stmcufinder\plugins\mcufinder
2024-05-29 13:27:39,099 [INFO] ApiDb:250 - Set database path to: C:\Users\Siraj\.stmcufinder\plugins\mcufinder//mcu/
2024-05-29 13:27:39,099 [WARN] DbFile:41 - Overriding database path with different value: C:\Users\Siraj\.stmcufinder\plugins\mcufinder/ => C:\Users\Siraj\.stmcufinder\plugins\mcufinder
2024-05-29 13:27:39,100 [INFO] DbMcusAds:125 - Set database path to: C:\Users\Siraj\.stmcufinder\plugins\mcufinder//mcu/
2024-05-29 13:27:39,100 [WARN] DbFile:41 - Overriding database path with different value: C:\Users\Siraj\.stmcufinder\plugins\mcufinder/ => C:\Users\Siraj\.stmcufinder\plugins\mcufinder
2024-05-29 13:27:39,100 [WARN] DbFile:41 - Overriding database path with different value: C:\Users\Siraj\.stmcufinder\plugins\mcufinder/ => C:\Users\Siraj\.stmcufinder\plugins\mcufinder
2024-05-29 13:27:39,100 [INFO] CrossReferenceDbSqlite:203 - Set database path to: C:\Users\Siraj\.stmcufinder\plugins\mcufinder//mcu/cs/
2024-05-29 13:27:39,112 [INFO] ApplicationProperties:184 - Using Application install path: C:\ST\STM32CubeIDE_1.14.0\STM32CubeIDE\plugins\com.st.stm32cube.common.mx_6.10.0.202311202037
2024-05-29 13:27:39,114 [INFO] PluginManage:196 - Search for loadable plugins [exclusion list=, ]
2024-05-29 13:27:39,115 [INFO] PluginManage:310 - Check plugin analytics
2024-05-29 13:27:39,300 [INFO] AnalyticsPlugin:253 - Accepted Software Licenses: 
2024-05-29 13:27:39,300 [INFO] AnalyticsPlugin:255 - Accepted CMSIS Pack Licenses: 
2024-05-29 13:27:39,300 [INFO] AnalyticsPlugin:257 - Accepted Firmware Licenses: FW.L4.1.18.0,FW.F4.1.28.0
2024-05-29 13:27:39,304 [INFO] PluginManage:359 - Loaded plugin analytics (category:tool,tabindex:-1)
2024-05-29 13:27:39,305 [INFO] PluginManage:310 - Check plugin cadmodel
2024-05-29 13:27:39,319 [INFO] CADModel:105 - Init CAD model plugin
2024-05-29 13:27:39,320 [INFO] PluginManage:359 - Loaded plugin cadmodel (category:power,tabindex:5)
2024-05-29 13:27:39,320 [INFO] PluginManage:310 - Check plugin clock
2024-05-29 13:27:39,340 [INFO] PluginManage:359 - Loaded plugin clock (category:base,tabindex:2)
2024-05-29 13:27:39,340 [INFO] PluginManage:310 - Check plugin ddr
2024-05-29 13:27:39,342 [INFO] PluginManage:359 - Loaded plugin ddr (category:tool,tabindex:6)
2024-05-29 13:27:39,342 [INFO] PluginManage:310 - Check plugin filemanager
2024-05-29 13:27:39,477 [INFO] PluginManage:359 - Loaded plugin filemanager (category:base,tabindex:10)
2024-05-29 13:27:39,478 [INFO] PluginManage:310 - Check plugin ipmanager
2024-05-29 13:27:39,486 [INFO] PluginManage:359 - Loaded plugin ipmanager (category:base,tabindex:5)
2024-05-29 13:27:39,486 [INFO] PluginManage:310 - Check plugin lpbam
2024-05-29 13:27:39,505 [INFO] PluginManage:359 - Loaded plugin lpbam (category:base,tabindex:0)
2024-05-29 13:27:39,505 [INFO] PluginManage:310 - Check plugin memorymap
2024-05-29 13:27:39,526 [INFO] PluginManage:359 - Loaded plugin memorymap (category:base,tabindex:4)
2024-05-29 13:27:39,526 [INFO] PluginManage:310 - Check plugin pinoutandconfiguration
2024-05-29 13:27:39,540 [INFO] PluginManage:359 - Loaded plugin pinoutandconfiguration (category:base,tabindex:1)
2024-05-29 13:27:39,540 [INFO] PluginManage:310 - Check plugin pinoutconfig
2024-05-29 13:27:39,641 [WARN] SupportedApi:132 - Cannot load RTOS API schema: s4s-elt-must-match.1: The content of 'definitions' must match (annotation?, (simpleType | complexType)?, (unique | key | keyref)*)). A problem was found starting at: attribute.
2024-05-29 13:27:39,742 [INFO] PluginManage:359 - Loaded plugin pinoutconfig (category:base,tabindex:0)
2024-05-29 13:27:39,742 [INFO] PluginManage:310 - Check plugin power
2024-05-29 13:27:39,758 [INFO] PluginManage:359 - Loaded plugin power (category:power,tabindex:4)
2024-05-29 13:27:39,758 [INFO] PluginManage:310 - Check plugin projectmanager
2024-05-29 13:27:39,770 [INFO] PluginManage:359 - Loaded plugin projectmanager (category:projectmanager,tabindex:3)
2024-05-29 13:27:39,770 [INFO] PluginManage:310 - Check plugin thirdparty
2024-05-29 13:27:40,040 [INFO] PluginManage:359 - Loaded plugin thirdparty (category:base,tabindex:-1)
2024-05-29 13:27:40,040 [WARN] IntegrityCheckThread:84 - waiting for thirdparty lock release [integrity check]
2024-05-29 13:27:40,040 [INFO] PluginManage:310 - Check plugin tools
2024-05-29 13:27:40,040 [INFO] IntegrityCheckThread:86 - entering critical section [integrity check]
2024-05-29 13:27:40,041 [INFO] ThirdPartyUpdaterWithRetryManager:70 - Updater plugin not ready yet. [1/15]
2024-05-29 13:27:40,079 [INFO] PluginManage:359 - Loaded plugin tools (category:base,tabindex:7)
2024-05-29 13:27:40,079 [INFO] PluginManage:310 - Check plugin tutovideos
2024-05-29 13:27:40,216 [INFO] PluginManage:359 - Loaded plugin tutovideos (category:base,tabindex:-1)
2024-05-29 13:27:40,216 [INFO] PluginManage:310 - Check plugin updater
2024-05-29 13:27:40,227 [INFO] PluginManage:359 - Loaded plugin updater (category:base,tabindex:12)
2024-05-29 13:27:40,227 [INFO] PluginManage:310 - Check plugin userauth
2024-05-29 13:27:40,237 [INFO] UserAuth:114 - Init User Auth plugin
2024-05-29 13:27:40,237 [INFO] PluginManage:359 - Loaded plugin userauth (category:base,tabindex:14)
2024-05-29 13:27:40,237 [INFO] PluginManage:283 - PluginManage : Loaded plugins [17]
2024-05-29 13:27:40,452 [INFO] PinOutPanel:1499 - setPackage(No Configuration,No Configuration)
2024-05-29 13:27:40,526 [INFO] CADModel:165 - CPN selected for project level
2024-05-29 13:27:40,526 [INFO] CADModel:114 - Register for checkConnection events
2024-05-29 13:27:40,553 [INFO] IPUIPlugin:80 - create IPUIPlugin
2024-05-29 13:27:40,553 [INFO] PluginManager:220 - loadIPPluginJar : add adc
2024-05-29 13:27:40,597 [INFO] IPUIPlugin:80 - create IPUIPlugin
2024-05-29 13:27:40,597 [INFO] PluginManager:220 - loadIPPluginJar : add aes
2024-05-29 13:27:40,645 [INFO] IPUIPlugin:80 - create IPUIPlugin
2024-05-29 13:27:40,646 [INFO] PluginManager:220 - loadIPPluginJar : add can
2024-05-29 13:27:40,671 [INFO] IPUIPlugin:80 - create IPUIPlugin
2024-05-29 13:27:40,671 [INFO] PluginManager:220 - loadIPPluginJar : add comp
2024-05-29 13:27:40,711 [INFO] IPUIPlugin:80 - create IPUIPlugin
2024-05-29 13:27:40,711 [INFO] PluginManager:220 - loadIPPluginJar : add cryp
2024-05-29 13:27:40,743 [INFO] IPUIPlugin:80 - create IPUIPlugin
2024-05-29 13:27:40,743 [INFO] PluginManager:220 - loadIPPluginJar : add dfsdm
2024-05-29 13:27:40,756 [INFO] IPUIPlugin:80 - create IPUIPlugin
2024-05-29 13:27:40,757 [INFO] PluginManager:220 - loadIPPluginJar : add dma
2024-05-29 13:27:40,797 [INFO] IPUIPlugin:80 - create IPUIPlugin
2024-05-29 13:27:40,798 [INFO] PluginManager:220 - loadIPPluginJar : add dma3
2024-05-29 13:27:40,814 [INFO] IPUIPlugin:80 - create IPUIPlugin
2024-05-29 13:27:40,814 [INFO] PluginManager:220 - loadIPPluginJar : add fatfs
2024-05-29 13:27:40,861 [INFO] IPUIPlugin:80 - create IPUIPlugin
2024-05-29 13:27:40,861 [INFO] PluginManager:220 - loadIPPluginJar : add fmc
2024-05-29 13:27:40,872 [INFO] IPUIPlugin:80 - create IPUIPlugin
2024-05-29 13:27:40,872 [INFO] PluginManager:220 - loadIPPluginJar : add freertos
2024-05-29 13:27:40,893 [INFO] IPUIPlugin:80 - create IPUIPlugin
2024-05-29 13:27:40,893 [INFO] PluginManager:220 - loadIPPluginJar : add genericplugin
2024-05-29 13:27:40,959 [INFO] IPUIPlugin:80 - create IPUIPlugin
2024-05-29 13:27:40,959 [INFO] PluginManager:220 - loadIPPluginJar : add gfxmmu
2024-05-29 13:27:41,086 [INFO] IPUIPlugin:80 - create IPUIPlugin
2024-05-29 13:27:41,086 [INFO] PluginManager:220 - loadIPPluginJar : add gic
2024-05-29 13:27:41,095 [INFO] IPUIPlugin:80 - create IPUIPlugin
2024-05-29 13:27:41,095 [INFO] PluginManager:220 - loadIPPluginJar : add gpio
2024-05-29 13:27:41,163 [INFO] IPUIPlugin:80 - create IPUIPlugin
2024-05-29 13:27:41,163 [INFO] PluginManager:220 - loadIPPluginJar : add gtzc
2024-05-29 13:27:41,195 [INFO] IPUIPlugin:80 - create IPUIPlugin
2024-05-29 13:27:41,195 [INFO] PluginManager:220 - loadIPPluginJar : add hash
2024-05-29 13:27:41,231 [INFO] IPUIPlugin:80 - create IPUIPlugin
2024-05-29 13:27:41,231 [INFO] PluginManager:220 - loadIPPluginJar : add i2c
2024-05-29 13:27:41,274 [INFO] IPUIPlugin:80 - create IPUIPlugin
2024-05-29 13:27:41,274 [INFO] PluginManager:220 - loadIPPluginJar : add i2s
2024-05-29 13:27:41,313 [INFO] IPUIPlugin:80 - create IPUIPlugin
2024-05-29 13:27:41,314 [INFO] PluginManager:220 - loadIPPluginJar : add i3c
2024-05-29 13:27:41,384 [INFO] IPUIPlugin:80 - create IPUIPlugin
2024-05-29 13:27:41,384 [INFO] PluginManager:220 - loadIPPluginJar : add ipddr
2024-05-29 13:27:41,460 [INFO] IPUIPlugin:80 - create IPUIPlugin
2024-05-29 13:27:41,460 [INFO] PluginManager:220 - loadIPPluginJar : add linkedlist
2024-05-29 13:27:41,507 [INFO] IPUIPlugin:80 - create IPUIPlugin
2024-05-29 13:27:41,507 [INFO] PluginManager:220 - loadIPPluginJar : add lorawan
2024-05-29 13:27:41,539 [INFO] IPUIPlugin:80 - create IPUIPlugin
2024-05-29 13:27:41,539 [INFO] PluginManager:220 - loadIPPluginJar : add ltdc
2024-05-29 13:27:41,558 [INFO] IPUIPlugin:80 - create IPUIPlugin
2024-05-29 13:27:41,558 [INFO] PluginManager:220 - loadIPPluginJar : add mdma
2024-05-29 13:27:41,570 [INFO] IPUIPlugin:80 - create IPUIPlugin
2024-05-29 13:27:41,570 [INFO] PluginManager:220 - loadIPPluginJar : add nvic
2024-05-29 13:27:41,602 [INFO] IPUIPlugin:80 - create IPUIPlugin
2024-05-29 13:27:41,602 [INFO] PluginManager:220 - loadIPPluginJar : add opamp
2024-05-29 13:27:41,665 [INFO] IPUIPlugin:80 - create IPUIPlugin
2024-05-29 13:27:41,665 [INFO] PluginManager:220 - loadIPPluginJar : add openamp
2024-05-29 13:27:41,697 [INFO] IPUIPlugin:80 - create IPUIPlugin
2024-05-29 13:27:41,697 [INFO] PluginManager:220 - loadIPPluginJar : add pdm2pcm
2024-05-29 13:27:41,712 [INFO] IPUIPlugin:80 - create IPUIPlugin
2024-05-29 13:27:41,712 [INFO] PluginManager:220 - loadIPPluginJar : add plateformsettings
2024-05-29 13:27:41,744 [INFO] IPUIPlugin:80 - create IPUIPlugin
2024-05-29 13:27:41,744 [INFO] PluginManager:220 - loadIPPluginJar : add quadspi
2024-05-29 13:27:41,744 [INFO] IPUIPlugin:80 - create IPUIPlugin
2024-05-29 13:27:41,744 [INFO] PluginManager:220 - loadIPPluginJar : add resmgrutility
2024-05-29 13:27:41,791 [INFO] IPUIPlugin:80 - create IPUIPlugin
2024-05-29 13:27:41,791 [INFO] PluginManager:220 - loadIPPluginJar : add sai
2024-05-29 13:27:41,823 [INFO] IPUIPlugin:80 - create IPUIPlugin
2024-05-29 13:27:41,823 [INFO] PluginManager:220 - loadIPPluginJar : add spi
2024-05-29 13:27:41,885 [INFO] IPUIPlugin:80 - create IPUIPlugin
2024-05-29 13:27:41,885 [INFO] PluginManager:220 - loadIPPluginJar : add stm32_wpan
2024-05-29 13:27:41,917 [INFO] IPUIPlugin:80 - create IPUIPlugin
2024-05-29 13:27:41,917 [INFO] PluginManager:220 - loadIPPluginJar : add tim
2024-05-29 13:27:41,964 [INFO] IPUIPlugin:80 - create IPUIPlugin
2024-05-29 13:27:41,964 [INFO] PluginManager:220 - loadIPPluginJar : add touchsensing
2024-05-29 13:27:41,985 [INFO] IPUIPlugin:80 - create IPUIPlugin
2024-05-29 13:27:41,985 [INFO] PluginManager:220 - loadIPPluginJar : add tracer_emb
2024-05-29 13:27:41,996 [INFO] IPUIPlugin:80 - create IPUIPlugin
2024-05-29 13:27:41,996 [INFO] PluginManager:220 - loadIPPluginJar : add ts
2024-05-29 13:27:42,011 [INFO] IPUIPlugin:80 - create IPUIPlugin
2024-05-29 13:27:42,011 [INFO] PluginManager:220 - loadIPPluginJar : add tsc
2024-05-29 13:27:42,043 [INFO] IPUIPlugin:80 - create IPUIPlugin
2024-05-29 13:27:42,043 [INFO] PluginManager:220 - loadIPPluginJar : add ucpd
2024-05-29 13:27:42,085 [INFO] IPUIPlugin:80 - create IPUIPlugin
2024-05-29 13:27:42,085 [INFO] PluginManager:220 - loadIPPluginJar : add usart
2024-05-29 13:27:42,136 [INFO] IPUIPlugin:80 - create IPUIPlugin
2024-05-29 13:27:42,136 [INFO] PluginManager:220 - loadIPPluginJar : add usbx
2024-05-29 13:27:42,278 [INFO] CADModel:165 - CPN selected for project level
2024-05-29 13:27:42,278 [INFO] CADModel:114 - Register for checkConnection events
2024-05-29 13:27:42,278 [FATAL] Updater:308 - Updater called before beeing initialized
2024-05-29 13:27:42,278 [ERROR] CADModel:125 - Updater not yet initialized, retry later 
2024-05-29 13:27:42,450 [INFO] CADModel:165 - CPN selected for project level
2024-05-29 13:27:42,450 [INFO] CADModel:114 - Register for checkConnection events
2024-05-29 13:27:42,450 [FATAL] Updater:308 - Updater called before beeing initialized
2024-05-29 13:27:42,450 [ERROR] CADModel:125 - Updater not yet initialized, retry later 
2024-05-29 13:27:42,450 [FATAL] Updater:308 - Updater called before beeing initialized
2024-05-29 13:27:42,587 [FATAL] Updater:308 - Updater called before beeing initialized
2024-05-29 13:27:42,592 [INFO] DbMcusAds:53 - JSON generation date=Thu May 16 14:22:00 PKT 2024 (1715851320852)
2024-05-29 13:27:42,592 [FATAL] Updater:308 - Updater called before beeing initialized
2024-05-29 13:27:42,670 [WARN] DetailPanel:346 - Failed to get advertising image, set to default
2024-05-29 13:27:42,787 [FATAL] Updater:308 - Updater called before beeing initialized
2024-05-29 13:27:42,787 [FATAL] Updater:308 - Updater called before beeing initialized
2024-05-29 13:27:42,787 [FATAL] Updater:308 - Updater called before beeing initialized
2024-05-29 13:27:42,787 [WARN] DetailPanel:346 - Failed to get advertising image, set to default
2024-05-29 13:27:42,795 [FATAL] Updater:308 - Updater called before beeing initialized
2024-05-29 13:27:42,905 [ERROR] Updater:1120 - MainUpdater not yet initialized. External WinMGr cannot be set.
2024-05-29 13:27:42,905 [INFO] Updater:1056 - Updater Version found : 6.10.0
2024-05-29 13:27:42,921 [INFO] ApplicationProperties:184 - Using Application install path: C:\ST\STM32CubeIDE_1.14.0\STM32CubeIDE\plugins\com.st.stm32cube.common.mx_6.10.0.202311202037
2024-05-29 13:27:43,047 [INFO] ThirdPartyUpdaterWithRetryManager:70 - Updater plugin not ready yet. [2/15]
2024-05-29 13:27:44,546 [ERROR] LogOutputStream:75 - [STDERR_REDIRECT] May 29, 2024 1:27:44 PM java.util.prefs.WindowsPreferences <init>
2024-05-29 13:27:44,546 [ERROR] LogOutputStream:75 - [STDERR_REDIRECT] WARNING: Could not open/create prefs root node Software\JavaSoft\Prefs at root 0xffffffff80000002. Windows RegCreateKeyEx(...) returned error code 5.
2024-05-29 13:27:44,546 [ERROR] LogOutputStream:75 - [STDERR_REDIRECT] 
2024-05-29 13:27:45,524 [INFO] MainUpdater:2873 - connection check result : 10
2024-05-29 13:27:45,524 [INFO] MainUpdater:290 - Updater Check For Update Now.
2024-05-29 13:27:45,524 [INFO] MicroXplorer:498 - Change Database Version : DB.6.0.100
2024-05-29 13:27:45,539 [INFO] McuFinderGlobals:63 - Set McuFinder mode to 2 (CubeIDE integrated)
2024-05-29 13:27:45,712 [INFO] CheckServerUpdateThread:120 - End of CheckServer Thread
2024-05-29 13:27:46,169 [WARN] PackLoader:240 - Cannot read IP mode file for STMicroelectronics.FP-SNS-MOTENVWB1.1.4.0
2024-05-29 13:27:46,185 [WARN] PackLoader:240 - Cannot read IP mode file for STMicroelectronics.X-CUBE-SMBUS.2.1.0
2024-05-29 13:27:46,201 [WARN] PackLoader:240 - Cannot read IP mode file for STMicroelectronics.X-CUBE-TOUCHGFX.4.23.0
2024-05-29 13:27:46,201 [WARN] PackLoader:240 - Cannot read IP mode file for STMicroelectronics.X-CUBE-TOUCHGFX.4.23.2
2024-05-29 13:27:46,232 [WARN] PackLoader:240 - Cannot read IP mode file for STMicroelectronics.X-CUBE-AZRTOS-F7.1.1.0
2024-05-29 13:27:46,248 [WARN] PackLoader:240 - Cannot read IP mode file for STMicroelectronics.FP-SNS-MOTENV1.4.3.2
2024-05-29 13:27:46,248 [WARN] PackLoader:240 - Cannot read IP mode file for STMicroelectronics.FP-SNS-FLIGHT1.5.0.2
2024-05-29 13:27:46,263 [WARN] PackLoader:240 - Cannot read IP mode file for STMicroelectronics.X-CUBE-DISPLAY.3.0.0
2024-05-29 13:27:46,279 [WARN] PackLoader:240 - Cannot read IP mode file for STMicroelectronics.X-CUBE-BLE1.7.0.0
2024-05-29 13:27:46,296 [WARN] PackLoader:240 - Cannot read IP mode file for emotas.I-CUBE-CANOPEN.1.3.0
2024-05-29 13:27:46,310 [WARN] PackLoader:240 - Cannot read IP mode file for STMicroelectronics.X-CUBE-BLEMGR.3.1.0
2024-05-29 13:27:46,310 [WARN] PackLoader:240 - Cannot read IP mode file for STMicroelectronics.FP-SNS-SMARTAG2.1.2.0
2024-05-29 13:27:46,326 [INFO] LogOutputStream:77 - [STDOUT_REDIRECT] 1 : Invalid condition id : UX_CORESTACK_Condition cause : null
2024-05-29 13:27:46,326 [INFO] LogOutputStream:77 - [STDOUT_REDIRECT] 1 : Invalid condition id : UX_CORESTACK_Condition cause : null
2024-05-29 13:27:46,326 [INFO] LogOutputStream:77 - [STDOUT_REDIRECT] 1 : Invalid condition id : UX_CORESTACK_Condition cause : null
2024-05-29 13:27:46,326 [INFO] LogOutputStream:77 - [STDOUT_REDIRECT] 1 : Invalid condition id : UX_CORESTACK_Condition cause : null
2024-05-29 13:27:46,342 [INFO] LogOutputStream:77 - [STDOUT_REDIRECT] 1 : Invalid condition id : UX_CORESTACK_Condition cause : null
2024-05-29 13:27:46,342 [WARN] PackLoader:240 - Cannot read IP mode file for STMicroelectronics.X-CUBE-AZRTOS-WL.2.0.0
2024-05-29 13:27:46,342 [WARN] PackLoader:240 - Cannot read IP mode file for STMicroelectronics.FP-SNS-MOTENV1.5.0.0
2024-05-29 13:27:46,357 [WARN] PackLoader:240 - Cannot read IP mode file for WES.I-CUBE-Cesium.1.3.0
2024-05-29 13:27:46,373 [WARN] PackLoader:240 - Cannot read IP mode file for STMicroelectronics.X-CUBE-BLE2.3.3.0
2024-05-29 13:27:46,373 [WARN] PackLoader:240 - Cannot read IP mode file for STMicroelectronics.X-CUBE-TCPP.4.1.0
2024-05-29 13:27:46,397 [WARN] PackLoader:240 - Cannot read IP mode file for STMicroelectronics.X-CUBE-ALGOBUILD.1.3.0
2024-05-29 13:27:46,405 [WARN] PackLoader:240 - Cannot read IP mode file for STMicroelectronics.X-CUBE-AZRTOS-G0.1.1.0
2024-05-29 13:27:46,436 [WARN] PackLoader:240 - Cannot read IP mode file for STMicroelectronics.X-CUBE-SAFEA1.1.2.2
2024-05-29 13:27:46,436 [WARN] PackLoader:240 - Cannot read IP mode file for STMicroelectronics.X-CUBE-NFC4.3.0.0
2024-05-29 13:27:46,451 [WARN] PackLoader:240 - Cannot read IP mode file for wolfSSL.I-CUBE-wolfSSL.5.7.0
2024-05-29 13:27:46,467 [WARN] PackLoader:240 - Cannot read IP mode file for STMicroelectronics.FP-ATR-SIGFOX1.3.2.0
2024-05-29 13:27:46,467 [WARN] PackLoader:240 - Cannot read IP mode file for ITTIA_DB.I-CUBE-ITTIADB.8.9.0
2024-05-29 13:27:46,499 [WARN] PackLoader:240 - Cannot read IP mode file for SEGGER.I-CUBE-embOS.1.3.1
2024-05-29 13:27:46,530 [INFO] UserAuth:404 - Internet connection configuration mode: 1
2024-05-29 13:27:46,530 [WARN] PackLoader:240 - Cannot read IP mode file for STMicroelectronics.X-CUBE-ALGOBUILD.1.4.0
2024-05-29 13:27:46,546 [WARN] PackLoader:240 - Cannot read IP mode file for STMicroelectronics.X-CUBE-GNSS1.6.0.0
2024-05-29 13:27:46,546 [INFO] JxBrowserEngine:152 - Initiate JxBrowser Engine with user profile folder
2024-05-29 13:27:46,561 [WARN] PackLoader:240 - Cannot read IP mode file for STMicroelectronics.X-CUBE-AZRTOS-F4.1.1.0
2024-05-29 13:27:46,577 [WARN] PackLoader:240 - Cannot read IP mode file for STMicroelectronics.X-CUBE-FREERTOS.1.2.0
2024-05-29 13:27:46,597 [WARN] PackLoader:240 - Cannot read IP mode file for STMicroelectronics.X-CUBE-AZRTOS-L5.2.0.0
2024-05-29 13:27:46,609 [WARN] PackLoader:240 - Cannot read IP mode file for STMicroelectronics.X-CUBE-NFC6.3.1.0
2024-05-29 13:27:46,624 [WARN] PackLoader:240 - Cannot read IP mode file for STMicroelectronics.X-CUBE-AI.9.0.0
2024-05-29 13:27:46,624 [WARN] PackLoader:240 - Cannot read IP mode file for STMicroelectronics.X-CUBE-NFC7.1.0.1
2024-05-29 13:27:46,640 [WARN] PackLoader:240 - Cannot read IP mode file for STMicroelectronics.X-CUBE-NFC6.3.0.0
2024-05-29 13:27:46,655 [WARN] PackLoader:240 - Cannot read IP mode file for STMicroelectronics.X-CUBE-AI.8.1.0
2024-05-29 13:27:46,697 [WARN] ConditionMgr:438 - getConditionDescription Invalid condition id : LAN8742 Phy interface Condition cause : null
2024-05-29 13:27:46,703 [WARN] PackLoader:240 - Cannot read IP mode file for STMicroelectronics.X-CUBE-AZRTOS-L4.2.0.0
2024-05-29 13:27:46,703 [WARN] ConditionMgr:1039 - genDependencies : Invalid condition id : LAN8742 Phy interface Condition cause : null
2024-05-29 13:27:46,703 [WARN] ConditionMgr:1039 - genDependencies : Invalid condition id : LAN8742 Phy interface Condition cause : null
2024-05-29 13:27:46,703 [WARN] ConditionMgr:1039 - genDependencies : Invalid condition id : LAN8742 Phy interface Condition cause : null
2024-05-29 13:27:46,718 [WARN] PackLoader:240 - Cannot read IP mode file for STMicroelectronics.X-CUBE-SFXS2LP1.4.0.0
2024-05-29 13:27:46,750 [WARN] ConditionMgr:438 - getConditionDescription Invalid condition id : UX DEVICE CLASS RTOS Condition cause : null
2024-05-29 13:27:46,750 [WARN] ConditionMgr:438 - getConditionDescription Invalid condition id : UX DEVICE CLASS RTOS Condition cause : null
2024-05-29 13:27:46,750 [WARN] PackLoader:240 - Cannot read IP mode file for STMicroelectronics.X-CUBE-AZRTOS-WB.2.0.0
2024-05-29 13:27:46,750 [WARN] ConditionMgr:1039 - genDependencies : Invalid condition id : UX DEVICE CLASS RTOS Condition cause : null
2024-05-29 13:27:46,750 [WARN] ConditionMgr:1039 - genDependencies : Invalid condition id : UX DEVICE CLASS RTOS Condition cause : null
2024-05-29 13:27:46,750 [WARN] ConditionMgr:1039 - genDependencies : Invalid condition id : UX DEVICE CLASS RTOS Condition cause : null
2024-05-29 13:27:46,750 [WARN] ConditionMgr:1039 - genDependencies : Invalid condition id : UX DEVICE CLASS RTOS Condition cause : null
2024-05-29 13:27:46,750 [WARN] ConditionMgr:1039 - genDependencies : Invalid condition id : UX DEVICE CLASS RTOS Condition cause : null
2024-05-29 13:27:46,781 [WARN] PackLoader:240 - Cannot read IP mode file for STMicroelectronics.X-CUBE-SUBG2.5.0.0
2024-05-29 13:27:46,798 [WARN] PackLoader:240 - Cannot read IP mode file for Cesanta.I-CUBE-Mongoose.7.13.0
2024-05-29 13:27:46,813 [WARN] PackLoader:240 - Cannot read IP mode file for STMicroelectronics.X-CUBE-AZRTOS-G4.2.0.0
2024-05-29 13:27:46,828 [WARN] PackLoader:240 - Cannot read IP mode file for STMicroelectronics.FP-SNS-MOTENVWB1.1.3.1
2024-05-29 13:27:46,844 [WARN] PackLoader:240 - Cannot read IP mode file for STMicroelectronics.X-CUBE-ALS.1.0.2
2024-05-29 13:27:46,898 [WARN] PackLoader:240 - Cannot read IP mode file for STMicroelectronics.X-CUBE-MEMS1.10.0.0
2024-05-29 13:27:46,969 [WARN] PackLoader:240 - Cannot read IP mode file for STMicroelectronics.X-CUBE-FREERTOS.1.1.0
2024-05-29 13:27:46,985 [WARN] PackLoader:240 - Cannot read IP mode file for portGmbH.I-Cube-SoM-uGOAL.1.1.0
2024-05-29 13:27:47,001 [WARN] PackLoader:240 - Cannot read IP mode file for STMicroelectronics.X-CUBE-ALS.1.0.1
2024-05-29 13:27:47,017 [WARN] PackLoader:240 - Cannot read IP mode file for STMicroelectronics.X-CUBE-AZRTOS-H7RS.1.0.0
2024-05-29 13:27:47,032 [WARN] PackLoader:240 - Cannot read IP mode file for STMicroelectronics.FP-ATR-ASTRA1.2.0.0
2024-05-29 13:27:47,048 [WARN] PackLoader:240 - Cannot read IP mode file for STMicroelectronics.X-CUBE-TOF1.3.4.0
2024-05-29 13:27:47,079 [WARN] PackLoader:240 - Cannot read IP mode file for STMicroelectronics.X-CUBE-TOF1.3.4.1
2024-05-29 13:27:47,098 [WARN] PackLoader:240 - Cannot read IP mode file for Infineon.AIROC-Wi-Fi-Bluetooth-STM32.1.6.0
2024-05-29 13:27:47,111 [INFO] ThirdParty:978 - Integrity check success = true
2024-05-29 13:27:47,111 [INFO] IntegrityCheckThread:100 - exiting critical section [integrity check]
2024-05-29 13:27:47,111 [INFO] IntegrityCheckThread:103 - End integrity checks thread
2024-05-29 13:27:49,326 [INFO] WebApp:161 - Instantiating new browser for Auth
2024-05-29 13:27:49,860 [INFO] WebApp:780 - Register for checkConnection events
2024-05-29 13:27:49,860 [INFO] WebApp:414 - Apply proxy settings
2024-05-29 13:27:49,860 [INFO] WebApp:499 - Chromium requires no authentication
2024-05-29 13:27:49,865 [INFO] WebApp:442 - Direct internet connection detected
2024-05-29 13:27:49,979 [INFO] WebApp:192 - Starting web application
2024-05-29 13:27:49,979 [INFO] WebApp:544 - Web application path used C:\ST\STM32CubeIDE_1.14.0\STM32CubeIDE\plugins\com.st.stm32cube.common.mx_6.10.0.202311202037\db\plugins\mcufinder\reactClient1\index.html
2024-05-29 13:28:04,517 [ERROR] LogOutputStream:75 - [STDERR_REDIRECT] 
2024-05-29 13:28:04,518 [ERROR] LogOutputStream:75 - [STDERR_REDIRECT] 
