2024-02-21 01:55:12,728 [ERROR] LogOutputStream:75 - [STDERR_REDIRECT] Exception in thread "AWT-EventQueue-0" java.awt.IllegalComponentStateException: Native resources unavailable
2024-02-21 01:55:12,774 [ERROR] LogOutputStream:75 - [STDERR_REDIRECT] 	at java.desktop/sun.awt.windows.WWindowPeer.getScreenImOn(Native Method)
2024-02-21 01:55:12,774 [ERROR] LogOutputStream:75 - [STDERR_REDIRECT] 	at java.desktop/sun.awt.windows.WWindowPeer.updateGC(WWindowPeer.java:566)
2024-02-21 01:55:12,775 [ERROR] LogOutputStream:75 - [STDERR_REDIRECT] 	at java.desktop/java.awt.event.InvocationEvent.dispatch(InvocationEvent.java:318)
2024-02-21 01:55:12,776 [ERROR] LogOutputStream:75 - [STDERR_REDIRECT] 	at java.desktop/java.awt.EventQueue.dispatchEventImpl(EventQueue.java:773)
2024-02-21 01:55:12,776 [ERROR] LogOutputStream:75 - [STDERR_REDIRECT] 	at java.desktop/java.awt.EventQueue$4.run(EventQueue.java:720)
2024-02-21 01:55:12,778 [ERROR] LogOutputStream:75 - [STDERR_REDIRECT] 	at java.desktop/java.awt.EventQueue$4.run(EventQueue.java:714)
2024-02-21 01:55:12,779 [ERROR] LogOutputStream:75 - [STDERR_REDIRECT] 	at java.base/java.security.AccessController.doPrivileged(AccessController.java:399)
2024-02-21 01:55:12,780 [ERROR] LogOutputStream:75 - [STDERR_REDIRECT] 	at java.base/java.security.ProtectionDomain$JavaSecurityAccessImpl.doIntersectionPrivilege(ProtectionDomain.java:86)
2024-02-21 01:55:12,781 [ERROR] LogOutputStream:75 - [STDERR_REDIRECT] 	at java.base/java.security.ProtectionDomain$JavaSecurityAccessImpl.doIntersectionPrivilege(ProtectionDomain.java:97)
2024-02-21 01:55:12,782 [ERROR] LogOutputStream:75 - [STDERR_REDIRECT] 	at java.desktop/java.awt.EventQueue$5.run(EventQueue.java:747)
2024-02-21 01:55:12,782 [ERROR] LogOutputStream:75 - [STDERR_REDIRECT] 	at java.desktop/java.awt.EventQueue$5.run(EventQueue.java:745)
2024-02-21 01:55:12,783 [ERROR] LogOutputStream:75 - [STDERR_REDIRECT] 	at java.base/java.security.AccessController.doPrivileged(AccessController.java:399)
2024-02-21 01:55:12,785 [ERROR] LogOutputStream:75 - [STDERR_REDIRECT] 	at java.base/java.security.ProtectionDomain$JavaSecurityAccessImpl.doIntersectionPrivilege(ProtectionDomain.java:86)
2024-02-21 01:55:12,787 [ERROR] LogOutputStream:75 - [STDERR_REDIRECT] 	at java.desktop/java.awt.EventQueue.dispatchEvent(EventQueue.java:744)
2024-02-21 01:55:12,788 [ERROR] LogOutputStream:75 - [STDERR_REDIRECT] 	at java.desktop/java.awt.EventDispatchThread.pumpOneEventForFilters(EventDispatchThread.java:203)
2024-02-21 01:55:12,790 [ERROR] LogOutputStream:75 - [STDERR_REDIRECT] 	at java.desktop/java.awt.EventDispatchThread.pumpEventsForFilter(EventDispatchThread.java:124)
2024-02-21 01:55:12,791 [ERROR] LogOutputStream:75 - [STDERR_REDIRECT] 	at java.desktop/java.awt.EventDispatchThread.pumpEventsForHierarchy(EventDispatchThread.java:113)
2024-02-21 01:55:12,793 [ERROR] LogOutputStream:75 - [STDERR_REDIRECT] 	at java.desktop/java.awt.EventDispatchThread.pumpEvents(EventDispatchThread.java:109)
2024-02-21 01:55:12,794 [ERROR] LogOutputStream:75 - [STDERR_REDIRECT] 	at java.desktop/java.awt.EventDispatchThread.pumpEvents(EventDispatchThread.java:101)
2024-02-21 01:55:12,795 [ERROR] LogOutputStream:75 - [STDERR_REDIRECT] 	at java.desktop/java.awt.EventDispatchThread.run(EventDispatchThread.java:90)
2024-02-21 01:55:19,999 [INFO] NvicIntPanel:101 - NVIC parent = com.st.microxplorer.plugins.ip.nvic.MultiNvicIntPanel[,0,0,0x0,invalid,layout=javax.swing.BoxLayout,alignmentX=0.0,alignmentY=0.0,border=,flags=9,maximumSize=,minimumSize=,preferredSize=]
2024-02-21 01:57:41,208 [INFO] NvicIntPanel:101 - NVIC parent = com.st.microxplorer.plugins.ip.nvic.MultiNvicIntPanel[,0,0,0x0,invalid,layout=javax.swing.BoxLayout,alignmentX=0.0,alignmentY=0.0,border=,flags=9,maximumSize=,minimumSize=,preferredSize=]
2024-02-21 01:57:41,544 [ERROR] LogOutputStream:75 - [STDERR_REDIRECT] Exception in thread "AWT-EventQueue-0" java.awt.IllegalComponentStateException: component must be showing on the screen to determine its location
2024-02-21 01:57:41,544 [ERROR] LogOutputStream:75 - [STDERR_REDIRECT] 	at java.desktop/java.awt.Component.getLocationOnScreen_NoTreeLock(Component.java:2113)
2024-02-21 01:57:41,556 [ERROR] LogOutputStream:75 - [STDERR_REDIRECT] 	at java.desktop/java.awt.Component.getLocationOnScreen(Component.java:2087)
2024-02-21 01:57:41,556 [ERROR] LogOutputStream:75 - [STDERR_REDIRECT] 	at java.desktop/javax.swing.JPopupMenu.show(JPopupMenu.java:960)
2024-02-21 01:57:41,556 [ERROR] LogOutputStream:75 - [STDERR_REDIRECT] 	at java.desktop/javax.swing.plaf.basic.BasicComboPopup.show(BasicComboPopup.java:235)
2024-02-21 01:57:41,556 [ERROR] LogOutputStream:75 - [STDERR_REDIRECT] 	at java.desktop/javax.swing.plaf.basic.BasicComboPopup.togglePopup(BasicComboPopup.java:1257)
2024-02-21 01:57:41,556 [ERROR] LogOutputStream:75 - [STDERR_REDIRECT] 	at java.desktop/javax.swing.plaf.basic.BasicComboPopup$Handler.mousePressed(BasicComboPopup.java:936)
2024-02-21 01:57:41,556 [ERROR] LogOutputStream:75 - [STDERR_REDIRECT] 	at java.desktop/java.awt.Component.processMouseEvent(Component.java:6623)
2024-02-21 01:57:41,556 [ERROR] LogOutputStream:75 - [STDERR_REDIRECT] 	at java.desktop/javax.swing.JComponent.processMouseEvent(JComponent.java:3389)
2024-02-21 01:57:41,556 [ERROR] LogOutputStream:75 - [STDERR_REDIRECT] 	at java.desktop/java.awt.Component.processEvent(Component.java:6391)
2024-02-21 01:57:41,556 [ERROR] LogOutputStream:75 - [STDERR_REDIRECT] 	at java.desktop/java.awt.Container.processEvent(Container.java:2266)
2024-02-21 01:57:41,556 [ERROR] LogOutputStream:75 - [STDERR_REDIRECT] 	at java.desktop/java.awt.Component.dispatchEventImpl(Component.java:5001)
2024-02-21 01:57:41,556 [ERROR] LogOutputStream:75 - [STDERR_REDIRECT] 	at java.desktop/java.awt.Container.dispatchEventImpl(Container.java:2324)
2024-02-21 01:57:41,556 [ERROR] LogOutputStream:75 - [STDERR_REDIRECT] 	at java.desktop/java.awt.Component.dispatchEvent(Component.java:4833)
2024-02-21 01:57:41,556 [ERROR] LogOutputStream:75 - [STDERR_REDIRECT] 	at java.desktop/javax.swing.plaf.basic.BasicTableUI$Handler.repostEvent(BasicTableUI.java:987)
2024-02-21 01:57:41,556 [ERROR] LogOutputStream:75 - [STDERR_REDIRECT] 	at java.desktop/javax.swing.plaf.basic.BasicTableUI$Handler.adjustSelection(BasicTableUI.java:1149)
2024-02-21 01:57:41,556 [ERROR] LogOutputStream:75 - [STDERR_REDIRECT] 	at java.desktop/javax.swing.plaf.basic.BasicTableUI$Handler.mousePressed(BasicTableUI.java:1077)
2024-02-21 01:57:41,556 [ERROR] LogOutputStream:75 - [STDERR_REDIRECT] 	at java.desktop/java.awt.AWTEventMulticaster.mousePressed(AWTEventMulticaster.java:288)
2024-02-21 01:57:41,556 [ERROR] LogOutputStream:75 - [STDERR_REDIRECT] 	at java.desktop/java.awt.AWTEventMulticaster.mousePressed(AWTEventMulticaster.java:287)
2024-02-21 01:57:41,556 [ERROR] LogOutputStream:75 - [STDERR_REDIRECT] 	at java.desktop/java.awt.AWTEventMulticaster.mousePressed(AWTEventMulticaster.java:287)
2024-02-21 01:57:41,556 [ERROR] LogOutputStream:75 - [STDERR_REDIRECT] 	at java.desktop/java.awt.AWTEventMulticaster.mousePressed(AWTEventMulticaster.java:287)
2024-02-21 01:57:41,556 [ERROR] LogOutputStream:75 - [STDERR_REDIRECT] 	at java.desktop/java.awt.Component.processMouseEvent(Component.java:6623)
2024-02-21 01:57:41,556 [ERROR] LogOutputStream:75 - [STDERR_REDIRECT] 	at java.desktop/javax.swing.JComponent.processMouseEvent(JComponent.java:3389)
2024-02-21 01:57:41,556 [ERROR] LogOutputStream:75 - [STDERR_REDIRECT] 	at java.desktop/java.awt.Component.processEvent(Component.java:6391)
2024-02-21 01:57:41,556 [ERROR] LogOutputStream:75 - [STDERR_REDIRECT] 	at java.desktop/java.awt.Container.processEvent(Container.java:2266)
2024-02-21 01:57:41,556 [ERROR] LogOutputStream:75 - [STDERR_REDIRECT] 	at java.desktop/java.awt.Component.dispatchEventImpl(Component.java:5001)
2024-02-21 01:57:41,556 [ERROR] LogOutputStream:75 - [STDERR_REDIRECT] 	at java.desktop/java.awt.Container.dispatchEventImpl(Container.java:2324)
2024-02-21 01:57:41,556 [ERROR] LogOutputStream:75 - [STDERR_REDIRECT] 	at java.desktop/java.awt.Component.dispatchEvent(Component.java:4833)
2024-02-21 01:57:41,556 [ERROR] LogOutputStream:75 - [STDERR_REDIRECT] 	at java.desktop/java.awt.LightweightDispatcher.retargetMouseEvent(Container.java:4948)
2024-02-21 01:57:41,556 [ERROR] LogOutputStream:75 - [STDERR_REDIRECT] 	at java.desktop/java.awt.LightweightDispatcher.processMouseEvent(Container.java:4572)
2024-02-21 01:57:41,556 [ERROR] LogOutputStream:75 - [STDERR_REDIRECT] 	at java.desktop/java.awt.LightweightDispatcher.dispatchEvent(Container.java:4516)
2024-02-21 01:57:41,556 [ERROR] LogOutputStream:75 - [STDERR_REDIRECT] 	at java.desktop/java.awt.Container.dispatchEventImpl(Container.java:2310)
2024-02-21 01:57:41,556 [ERROR] LogOutputStream:75 - [STDERR_REDIRECT] 	at java.desktop/java.awt.Component.dispatchEvent(Component.java:4833)
2024-02-21 01:57:41,556 [ERROR] LogOutputStream:75 - [STDERR_REDIRECT] 	at java.desktop/java.awt.EventQueue.dispatchEventImpl(EventQueue.java:775)
2024-02-21 01:57:41,571 [ERROR] LogOutputStream:75 - [STDERR_REDIRECT] 	at java.desktop/java.awt.EventQueue$4.run(EventQueue.java:720)
2024-02-21 01:57:41,571 [ERROR] LogOutputStream:75 - [STDERR_REDIRECT] 	at java.desktop/java.awt.EventQueue$4.run(EventQueue.java:714)
2024-02-21 01:57:41,571 [ERROR] LogOutputStream:75 - [STDERR_REDIRECT] 	at java.base/java.security.AccessController.doPrivileged(AccessController.java:399)
2024-02-21 01:57:41,571 [ERROR] LogOutputStream:75 - [STDERR_REDIRECT] 	at java.base/java.security.ProtectionDomain$JavaSecurityAccessImpl.doIntersectionPrivilege(ProtectionDomain.java:86)
2024-02-21 01:57:41,571 [ERROR] LogOutputStream:75 - [STDERR_REDIRECT] 	at java.base/java.security.ProtectionDomain$JavaSecurityAccessImpl.doIntersectionPrivilege(ProtectionDomain.java:97)
2024-02-21 01:57:41,571 [ERROR] LogOutputStream:75 - [STDERR_REDIRECT] 	at java.desktop/java.awt.EventQueue$5.run(EventQueue.java:747)
2024-02-21 01:57:41,571 [ERROR] LogOutputStream:75 - [STDERR_REDIRECT] 	at java.desktop/java.awt.EventQueue$5.run(EventQueue.java:745)
2024-02-21 01:57:41,571 [ERROR] LogOutputStream:75 - [STDERR_REDIRECT] 	at java.base/java.security.AccessController.doPrivileged(AccessController.java:399)
2024-02-21 01:57:41,571 [ERROR] LogOutputStream:75 - [STDERR_REDIRECT] 	at java.base/java.security.ProtectionDomain$JavaSecurityAccessImpl.doIntersectionPrivilege(ProtectionDomain.java:86)
2024-02-21 01:57:41,571 [ERROR] LogOutputStream:75 - [STDERR_REDIRECT] 	at java.desktop/java.awt.EventQueue.dispatchEvent(EventQueue.java:744)
2024-02-21 01:57:41,571 [ERROR] LogOutputStream:75 - [STDERR_REDIRECT] 	at java.desktop/java.awt.EventDispatchThread.pumpOneEventForFilters(EventDispatchThread.java:203)
2024-02-21 01:57:41,571 [ERROR] LogOutputStream:75 - [STDERR_REDIRECT] 	at java.desktop/java.awt.EventDispatchThread.pumpEventsForFilter(EventDispatchThread.java:124)
2024-02-21 01:57:41,571 [ERROR] LogOutputStream:75 - [STDERR_REDIRECT] 	at java.desktop/java.awt.EventDispatchThread.pumpEventsForHierarchy(EventDispatchThread.java:113)
2024-02-21 01:57:41,571 [ERROR] LogOutputStream:75 - [STDERR_REDIRECT] 	at java.desktop/java.awt.EventDispatchThread.pumpEvents(EventDispatchThread.java:109)
2024-02-21 01:57:41,571 [ERROR] LogOutputStream:75 - [STDERR_REDIRECT] 	at java.desktop/java.awt.EventDispatchThread.pumpEvents(EventDispatchThread.java:101)
2024-02-21 01:57:41,571 [ERROR] LogOutputStream:75 - [STDERR_REDIRECT] 	at java.desktop/java.awt.EventDispatchThread.run(EventDispatchThread.java:90)
2024-02-21 02:00:01,497 [INFO] UtilMem:75 - End SaveConfig() Used Memory: 606865416 Bytes (1073741824)
2024-02-21 02:00:07,947 [INFO] UtilMem:75 - End SaveConfig() Used Memory: 629934088 Bytes (1073741824)
2024-02-21 02:00:10,282 [INFO] UtilMem:75 - End SaveConfig() Used Memory: 696516616 Bytes (1073741824)
2024-02-21 02:00:10,426 [INFO] BlockDiagram:2759 - set Specific Code input for plugin: SPI
2024-02-21 02:00:10,426 [INFO] BlockDiagram:2759 - set Specific Code input for plugin: DFSDM
2024-02-21 02:00:10,426 [INFO] BlockDiagram:2759 - set Specific Code input for plugin: SYS
2024-02-21 02:00:10,426 [INFO] BlockDiagram:2759 - set Specific Code input for plugin: RCC
2024-02-21 02:00:10,426 [INFO] BlockDiagram:2759 - set Specific Code input for plugin: I2C
2024-02-21 02:00:10,426 [INFO] BlockDiagram:2759 - set Specific Code input for plugin: USB_OTG_FS
2024-02-21 02:00:10,426 [INFO] BlockDiagram:2759 - set Specific Code input for plugin: NVIC
2024-02-21 02:00:10,427 [INFO] BlockDiagram:2759 - set Specific Code input for plugin: USART
2024-02-21 02:00:10,427 [INFO] BlockDiagram:2759 - set Specific Code input for plugin: USART
2024-02-21 02:00:10,427 [INFO] BlockDiagram:2759 - set Specific Code input for plugin: DMA
2024-02-21 02:00:10,427 [INFO] BlockDiagram:2759 - set Specific Code input for plugin: GPIO
2024-02-21 02:00:10,427 [INFO] BlockDiagram:2759 - set Specific Code input for plugin: QUADSPI
2024-02-21 02:00:10,427 [INFO] CodeGenerator:807 - code generatio: config db path: C:\ST\STM32CubeIDE_1.14.0\STM32CubeIDE\plugins\com.st.stm32cube.common.mx_6.10.0.202311202037\\db\
2024-02-21 02:00:10,562 [INFO] Argument:325 - Argument : hdmavalue: null
2024-02-21 02:00:10,562 [INFO] Argument:327 - 	 sub Args: 
2024-02-21 02:00:10,562 [INFO] Argument:325 - Argument : Instancevalue: DMA1_Channel4
2024-02-21 02:00:10,562 [INFO] Argument:335 - Argument : Instancevalue: DMA1_Channel4
2024-02-21 02:00:10,562 [INFO] Argument:325 - Argument : Initvalue: null
2024-02-21 02:00:10,562 [INFO] Argument:327 - 	 sub Args: 
2024-02-21 02:00:10,562 [INFO] Argument:325 - Argument : Requestvalue: DMA_REQUEST_0
2024-02-21 02:00:10,562 [INFO] Argument:335 - Argument : Requestvalue: DMA_REQUEST_0
2024-02-21 02:00:10,562 [INFO] Argument:325 - Argument : Directionvalue: DMA_PERIPH_TO_MEMORY
2024-02-21 02:00:10,562 [INFO] Argument:335 - Argument : Directionvalue: DMA_PERIPH_TO_MEMORY
2024-02-21 02:00:10,562 [INFO] Argument:325 - Argument : PeriphIncvalue: DMA_PINC_DISABLE
2024-02-21 02:00:10,562 [INFO] Argument:335 - Argument : PeriphIncvalue: DMA_PINC_DISABLE
2024-02-21 02:00:10,562 [INFO] Argument:325 - Argument : MemIncvalue: DMA_MINC_ENABLE
2024-02-21 02:00:10,562 [INFO] Argument:335 - Argument : MemIncvalue: DMA_MINC_ENABLE
2024-02-21 02:00:10,562 [INFO] Argument:325 - Argument : PeriphDataAlignmentvalue: DMA_PDATAALIGN_WORD
2024-02-21 02:00:10,562 [INFO] Argument:335 - Argument : PeriphDataAlignmentvalue: DMA_PDATAALIGN_WORD
2024-02-21 02:00:10,562 [INFO] Argument:325 - Argument : MemDataAlignmentvalue: DMA_MDATAALIGN_WORD
2024-02-21 02:00:10,562 [INFO] Argument:335 - Argument : MemDataAlignmentvalue: DMA_MDATAALIGN_WORD
2024-02-21 02:00:10,562 [INFO] Argument:325 - Argument : Modevalue: DMA_CIRCULAR
2024-02-21 02:00:10,562 [INFO] Argument:335 - Argument : Modevalue: DMA_CIRCULAR
2024-02-21 02:00:10,562 [INFO] Argument:325 - Argument : Priorityvalue: DMA_PRIORITY_LOW
2024-02-21 02:00:10,562 [INFO] Argument:335 - Argument : Priorityvalue: DMA_PRIORITY_LOW
2024-02-21 02:00:10,562 [INFO] Argument:325 - Argument : Lockvalue: null
2024-02-21 02:00:10,562 [INFO] Argument:335 - Argument : Lockvalue: null
2024-02-21 02:00:10,562 [INFO] Argument:325 - Argument : Statevalue: null
2024-02-21 02:00:10,562 [INFO] Argument:335 - Argument : Statevalue: null
2024-02-21 02:00:10,562 [INFO] Argument:325 - Argument : Parentvalue: null
2024-02-21 02:00:10,562 [INFO] Argument:335 - Argument : Parentvalue: null
2024-02-21 02:00:10,562 [INFO] Argument:325 - Argument : XferCpltCallbackvalue: null
2024-02-21 02:00:10,562 [INFO] Argument:335 - Argument : XferCpltCallbackvalue: null
2024-02-21 02:00:10,562 [INFO] Argument:325 - Argument : XferHalfCpltCallbackvalue: null
2024-02-21 02:00:10,562 [INFO] Argument:335 - Argument : XferHalfCpltCallbackvalue: null
2024-02-21 02:00:10,562 [INFO] Argument:325 - Argument : XferErrorCallbackvalue: null
2024-02-21 02:00:10,562 [INFO] Argument:335 - Argument : XferErrorCallbackvalue: null
2024-02-21 02:00:10,562 [INFO] Argument:325 - Argument : XferAbortCallbackvalue: null
2024-02-21 02:00:10,562 [INFO] Argument:335 - Argument : XferAbortCallbackvalue: null
2024-02-21 02:00:10,562 [INFO] Argument:325 - Argument : ErrorCodevalue: null
2024-02-21 02:00:10,562 [INFO] Argument:335 - Argument : ErrorCodevalue: null
2024-02-21 02:00:10,562 [INFO] Argument:325 - Argument : DmaBaseAddressvalue: null
2024-02-21 02:00:10,562 [INFO] Argument:335 - Argument : DmaBaseAddressvalue: null
2024-02-21 02:00:10,562 [INFO] Argument:325 - Argument : ChannelIndexvalue: null
2024-02-21 02:00:10,562 [INFO] Argument:335 - Argument : ChannelIndexvalue: null
2024-02-21 02:00:10,562 [INFO] Argument:325 - Argument : hdmavalue: null
2024-02-21 02:00:10,562 [INFO] Argument:327 - 	 sub Args: 
2024-02-21 02:00:10,562 [INFO] Argument:325 - Argument : Instancevalue: DMA1_Channel4
2024-02-21 02:00:10,562 [INFO] Argument:335 - Argument : Instancevalue: DMA1_Channel4
2024-02-21 02:00:10,562 [INFO] Argument:325 - Argument : Initvalue: null
2024-02-21 02:00:10,562 [INFO] Argument:327 - 	 sub Args: 
2024-02-21 02:00:10,562 [INFO] Argument:325 - Argument : Requestvalue: DMA_REQUEST_0
2024-02-21 02:00:10,562 [INFO] Argument:335 - Argument : Requestvalue: DMA_REQUEST_0
2024-02-21 02:00:10,562 [INFO] Argument:325 - Argument : Directionvalue: DMA_PERIPH_TO_MEMORY
2024-02-21 02:00:10,562 [INFO] Argument:335 - Argument : Directionvalue: DMA_PERIPH_TO_MEMORY
2024-02-21 02:00:10,562 [INFO] Argument:325 - Argument : PeriphIncvalue: DMA_PINC_DISABLE
2024-02-21 02:00:10,562 [INFO] Argument:335 - Argument : PeriphIncvalue: DMA_PINC_DISABLE
2024-02-21 02:00:10,562 [INFO] Argument:325 - Argument : MemIncvalue: DMA_MINC_ENABLE
2024-02-21 02:00:10,562 [INFO] Argument:335 - Argument : MemIncvalue: DMA_MINC_ENABLE
2024-02-21 02:00:10,562 [INFO] Argument:325 - Argument : PeriphDataAlignmentvalue: DMA_PDATAALIGN_WORD
2024-02-21 02:00:10,562 [INFO] Argument:335 - Argument : PeriphDataAlignmentvalue: DMA_PDATAALIGN_WORD
2024-02-21 02:00:10,562 [INFO] Argument:325 - Argument : MemDataAlignmentvalue: DMA_MDATAALIGN_WORD
2024-02-21 02:00:10,562 [INFO] Argument:335 - Argument : MemDataAlignmentvalue: DMA_MDATAALIGN_WORD
2024-02-21 02:00:10,562 [INFO] Argument:325 - Argument : Modevalue: DMA_CIRCULAR
2024-02-21 02:00:10,562 [INFO] Argument:335 - Argument : Modevalue: DMA_CIRCULAR
2024-02-21 02:00:10,563 [INFO] Argument:325 - Argument : Priorityvalue: DMA_PRIORITY_LOW
2024-02-21 02:00:10,563 [INFO] Argument:335 - Argument : Priorityvalue: DMA_PRIORITY_LOW
2024-02-21 02:00:10,563 [INFO] Argument:325 - Argument : Lockvalue: null
2024-02-21 02:00:10,563 [INFO] Argument:335 - Argument : Lockvalue: null
2024-02-21 02:00:10,563 [INFO] Argument:325 - Argument : Statevalue: null
2024-02-21 02:00:10,563 [INFO] Argument:335 - Argument : Statevalue: null
2024-02-21 02:00:10,563 [INFO] Argument:325 - Argument : Parentvalue: null
2024-02-21 02:00:10,563 [INFO] Argument:335 - Argument : Parentvalue: null
2024-02-21 02:00:10,563 [INFO] Argument:325 - Argument : XferCpltCallbackvalue: null
2024-02-21 02:00:10,563 [INFO] Argument:335 - Argument : XferCpltCallbackvalue: null
2024-02-21 02:00:10,563 [INFO] Argument:325 - Argument : XferHalfCpltCallbackvalue: null
2024-02-21 02:00:10,563 [INFO] Argument:335 - Argument : XferHalfCpltCallbackvalue: null
2024-02-21 02:00:10,563 [INFO] Argument:325 - Argument : XferErrorCallbackvalue: null
2024-02-21 02:00:10,563 [INFO] Argument:335 - Argument : XferErrorCallbackvalue: null
2024-02-21 02:00:10,563 [INFO] Argument:325 - Argument : XferAbortCallbackvalue: null
2024-02-21 02:00:10,563 [INFO] Argument:335 - Argument : XferAbortCallbackvalue: null
2024-02-21 02:00:10,563 [INFO] Argument:325 - Argument : ErrorCodevalue: null
2024-02-21 02:00:10,563 [INFO] Argument:335 - Argument : ErrorCodevalue: null
2024-02-21 02:00:10,563 [INFO] Argument:325 - Argument : DmaBaseAddressvalue: null
2024-02-21 02:00:10,563 [INFO] Argument:335 - Argument : DmaBaseAddressvalue: null
2024-02-21 02:00:10,563 [INFO] Argument:325 - Argument : ChannelIndexvalue: null
2024-02-21 02:00:10,563 [INFO] Argument:335 - Argument : ChannelIndexvalue: null
2024-02-21 02:00:10,563 [INFO] Argument:325 - Argument : pSyncConfigvalue: null
2024-02-21 02:00:10,563 [INFO] Argument:327 - 	 sub Args: 
2024-02-21 02:00:10,563 [INFO] Argument:325 - Argument : SyncSignalIDvalue: null
2024-02-21 02:00:10,563 [INFO] Argument:335 - Argument : SyncSignalIDvalue: null
2024-02-21 02:00:10,563 [INFO] Argument:325 - Argument : SyncPolarityvalue: null
2024-02-21 02:00:10,563 [INFO] Argument:335 - Argument : SyncPolarityvalue: null
2024-02-21 02:00:10,563 [INFO] Argument:325 - Argument : SyncEnablevalue: null
2024-02-21 02:00:10,563 [INFO] Argument:335 - Argument : SyncEnablevalue: null
2024-02-21 02:00:10,563 [INFO] Argument:325 - Argument : EventEnablevalue: null
2024-02-21 02:00:10,563 [INFO] Argument:335 - Argument : EventEnablevalue: null
2024-02-21 02:00:10,563 [INFO] Argument:325 - Argument : RequestNumbervalue: null
2024-02-21 02:00:10,563 [INFO] Argument:335 - Argument : RequestNumbervalue: null
2024-02-21 02:00:10,704 [INFO] CodeEngine:255 - oldGeneratedFile, C:\Users\Siraj\STM32CubeIDE\workspace_1.14.0\STM32_DFSDM_T2\MXTmpFiles\license.tmp_save
2024-02-21 02:00:10,816 [INFO] CodeEngine:279 - Generated code: C:\Users\Siraj\STM32CubeIDE\workspace_1.14.0\STM32_DFSDM_T2\MXTmpFiles\license.tmp
2024-02-21 02:00:10,928 [INFO] CodeEngine:255 - oldGeneratedFile, C:\Users\Siraj\STM32CubeIDE\workspace_1.14.0\STM32_DFSDM_T2\MXTmpFiles\gpio.tmp_save
2024-02-21 02:00:11,045 [INFO] CodeEngine:279 - Generated code: C:\Users\Siraj\STM32CubeIDE\workspace_1.14.0\STM32_DFSDM_T2\MXTmpFiles\gpio.tmp
2024-02-21 02:00:12,110 [WARN] IPConfigManager:2946 - Warning: the RefConfig PWREx_EnableUSBVoltageDetector is not available in your config.xml file
2024-02-21 02:00:12,173 [INFO] CodeEngine:255 - oldGeneratedFile, C:\Users\Siraj\STM32CubeIDE\workspace_1.14.0\STM32_DFSDM_T2\MXTmpFiles\dma.tmp_save
2024-02-21 02:00:12,271 [INFO] CodeEngine:279 - Generated code: C:\Users\Siraj\STM32CubeIDE\workspace_1.14.0\STM32_DFSDM_T2\MXTmpFiles\dma.tmp
2024-02-21 02:00:12,276 [INFO] CodeEngine:255 - oldGeneratedFile, C:\Users\Siraj\STM32CubeIDE\workspace_1.14.0\STM32_DFSDM_T2\MXTmpFiles\dma_GV.tmp_save
2024-02-21 02:00:12,309 [INFO] CodeEngine:279 - Generated code: C:\Users\Siraj\STM32CubeIDE\workspace_1.14.0\STM32_DFSDM_T2\MXTmpFiles\dma_GV.tmp
2024-02-21 02:00:12,341 [INFO] CodeEngine:255 - oldGeneratedFile, C:\Users\Siraj\STM32CubeIDE\workspace_1.14.0\STM32_DFSDM_T2\Core\Src\stm32l4xx_it.c_save
2024-02-21 02:00:12,403 [INFO] CodeEngine:279 - Generated code: C:\Users\Siraj\STM32CubeIDE\workspace_1.14.0\STM32_DFSDM_T2\Core\Src\stm32l4xx_it.c
2024-02-21 02:00:12,419 [INFO] CodeEngine:255 - oldGeneratedFile, C:\Users\Siraj\STM32CubeIDE\workspace_1.14.0\STM32_DFSDM_T2\Core\Inc\stm32l4xx_it.h_save
2024-02-21 02:00:12,466 [INFO] CodeEngine:279 - Generated code: C:\Users\Siraj\STM32CubeIDE\workspace_1.14.0\STM32_DFSDM_T2\Core\Inc\stm32l4xx_it.h
2024-02-21 02:00:12,498 [INFO] CodeEngine:255 - oldGeneratedFile, C:\Users\Siraj\STM32CubeIDE\workspace_1.14.0\STM32_DFSDM_T2\Core\Src\stm32l4xx_hal_msp.c_save
2024-02-21 02:00:12,642 [INFO] CodeEngine:279 - Generated code: C:\Users\Siraj\STM32CubeIDE\workspace_1.14.0\STM32_DFSDM_T2\Core\Src\stm32l4xx_hal_msp.c
2024-02-21 02:00:12,655 [INFO] CodeEngine:255 - oldGeneratedFile, C:\Users\Siraj\STM32CubeIDE\workspace_1.14.0\STM32_DFSDM_T2\MXTmpFiles\system.tmp_save
2024-02-21 02:00:12,701 [INFO] CodeEngine:279 - Generated code: C:\Users\Siraj\STM32CubeIDE\workspace_1.14.0\STM32_DFSDM_T2\MXTmpFiles\system.tmp
2024-02-21 02:00:12,727 [INFO] CodeEngine:311 - oldGeneratedFile, C:\Users\Siraj\STM32CubeIDE\workspace_1.14.0\STM32_DFSDM_T2\Core\Inc\stm32l4xx_hal_conf.h_save
2024-02-21 02:00:12,850 [INFO] CodeEngine:335 - Generated code: C:\Users\Siraj\STM32CubeIDE\workspace_1.14.0\STM32_DFSDM_T2\Core\Inc\stm32l4xx_hal_conf.h
2024-02-21 02:00:12,884 [WARN] IPConfigManager:3440 - IP not found : USB_OTG
2024-02-21 02:00:12,885 [WARN] CodeGenerator:3939 - IP not found : null
2024-02-21 02:00:12,912 [INFO] CodeEngine:255 - oldGeneratedFile, C:\Users\Siraj\STM32CubeIDE\workspace_1.14.0\STM32_DFSDM_T2\Core\Inc\main.h_save
2024-02-21 02:00:13,020 [INFO] CodeEngine:279 - Generated code: C:\Users\Siraj\STM32CubeIDE\workspace_1.14.0\STM32_DFSDM_T2\Core\Inc\main.h
2024-02-21 02:00:13,048 [INFO] CodeEngine:255 - oldGeneratedFile, C:\Users\Siraj\STM32CubeIDE\workspace_1.14.0\STM32_DFSDM_T2\Core\Src\main.c_save
2024-02-21 02:00:13,172 [INFO] CodeEngine:279 - Generated code: C:\Users\Siraj\STM32CubeIDE\workspace_1.14.0\STM32_DFSDM_T2\Core\Src\main.c
2024-02-21 02:00:13,607 [INFO] ProjectBuilder:3076 - Time for Copy HAL[1] : 151mS.
2024-02-21 02:00:13,609 [INFO] ProjectBuilder:4485 - Project Generator version: 4.2.0-B44
2024-02-21 02:00:13,714 [INFO] ConfigFileManager:1495 - The Die is : DIE415
2024-02-21 02:00:15,029 [INFO] ProjectBuilder:4747 - Time for Generating toolchain IDE Files: 1420mS.
2024-02-21 02:00:15,030 [INFO] ProjectBuilder:2947 - Time for Copy CMSIS : 0mS.
2024-02-21 02:00:15,032 [INFO] ProjectBuilder:2947 - Time for Copy CMSIS : 0mS.
